#
# There is insufficient memory for the Java Runtime Environment to continue.
# Native memory allocation (malloc) failed to allocate 32744 bytes for Chunk::new
# Possible reasons:
#   The system is out of physical RAM or swap space
#   The process is running with CompressedOops enabled, and the Java Heap may be blocking the growth of the native heap
# Possible solutions:
#   Reduce memory load on the system
#   Increase physical memory or swap space
#   Check if swap backing store is full
#   Decrease Java heap size (-Xmx/-Xms)
#   Decrease number of Java threads
#   Decrease Java thread stack sizes (-Xss)
#   Set larger code cache with -XX:ReservedCodeCacheSize=
#   JVM is running with Unscaled Compressed Oops mode in which the Java heap is
#     placed in the first 4GB address space. The Java Heap base address is the
#     maximum limit for the native heap growth. Please use -XX:HeapBaseMinAddress
#     to set the Java Heap base and to place the Java Heap above 4GB virtual address.
# This output file may be truncated or incomplete.
#
#  Out of Memory Error (arena.cpp:184), pid=21676, tid=22208
#
# JRE version: Java(TM) SE Runtime Environment (19.0.2+7) (build 19.0.2+7-44)
# Java VM: Java HotSpot(TM) 64-Bit Server VM (19.0.2+7-44, mixed mode, sharing, tiered, compressed oops, compressed class ptrs, g1 gc, windows-amd64)
# No core dump will be written. Minidumps are not enabled by default on client versions of Windows
#

---------------  S U M M A R Y ------------

Command Line: -Dfile.encoding=UTF-8 -XX:+ShowCodeDetailsInExceptionMessages banking.SignupThree

Host: Intel(R) Core(TM) i5-10300H CPU @ 2.50GHz, 8 cores, 7G,  Windows 11 , 64 bit Build 22621 (10.0.22621.1928)
Time: Mon Jul  3 05:25:32 2023 India Standard Time elapsed time: 2634.356851 seconds (0d 0h 43m 54s)

---------------  T H R E A D  ---------------

Current thread (0x00000244d9a562d0):  JavaThread "C1 CompilerThread0" daemon [_thread_in_native, id=22208, stack(0x00000052fab00000,0x00000052fac00000)]


Current CompileTask:
C1:2634356 1170  s    3       sun.java2d.loops.GraphicsPrimitiveMgr::locatePrim (95 bytes)

Stack: [0x00000052fab00000,0x00000052fac00000]
Native frames: (J=compiled Java code, j=interpreted, Vv=VM code, C=native code)
V  [jvm.dll+0x6ee21a]
V  [jvm.dll+0x85765e]
V  [jvm.dll+0x85904e]
V  [jvm.dll+0x859703]
V  [jvm.dll+0x28298f]
V  [jvm.dll+0xc9adf]
V  [jvm.dll+0xc9e65]
V  [jvm.dll+0x285241]
V  [jvm.dll+0x28546c]
V  [jvm.dll+0x284ef9]
V  [jvm.dll+0x17720a]
V  [jvm.dll+0x177197]
V  [jvm.dll+0x17d147]
V  [jvm.dll+0x17fe09]
V  [jvm.dll+0x17d5b0]
V  [jvm.dll+0x17d827]
V  [jvm.dll+0x17d65b]
V  [jvm.dll+0x1614b9]
V  [jvm.dll+0x16101e]
V  [jvm.dll+0x161208]
V  [jvm.dll+0x160666]
V  [jvm.dll+0x16235d]
V  [jvm.dll+0x25b25a]
V  [jvm.dll+0x2596e8]
V  [jvm.dll+0x807588]
V  [jvm.dll+0x80125a]
V  [jvm.dll+0x6ecf0b]
C  [ucrtbase.dll+0x29363]
C  [KERNEL32.DLL+0x126ad]
C  [ntdll.dll+0x5aa68]


---------------  P R O C E S S  ---------------

Threads class SMR info:
_java_thread_list=0x00000244ddfd4310, length=16, elements={
0x00000244d9a44440, 0x00000244d9a46f80, 0x00000244d9a49c40, 0x00000244d9a4c580,
0x00000244d9a4ceb0, 0x00000244d9a4f7f0, 0x00000244d9a55960, 0x00000244d9a562d0,
0x00000244d9a57030, 0x00000244ddce51b0, 0x00000244ddced3c0, 0x00000244ddf08010,
0x00000244ddf08550, 0x00000244ddf08a90, 0x00000244ddf93dd0, 0x00000244bb2f7950
}

Java Threads: ( => current thread )
  0x00000244d9a44440 JavaThread "Reference Handler" daemon [_thread_blocked, id=20152, stack(0x00000052fa400000,0x00000052fa500000)]
  0x00000244d9a46f80 JavaThread "Finalizer" daemon [_thread_blocked, id=21376, stack(0x00000052fa500000,0x00000052fa600000)]
  0x00000244d9a49c40 JavaThread "Signal Dispatcher" daemon [_thread_blocked, id=22096, stack(0x00000052fa600000,0x00000052fa700000)]
  0x00000244d9a4c580 JavaThread "Attach Listener" daemon [_thread_blocked, id=13012, stack(0x00000052fa700000,0x00000052fa800000)]
  0x00000244d9a4ceb0 JavaThread "Service Thread" daemon [_thread_blocked, id=21620, stack(0x00000052fa800000,0x00000052fa900000)]
  0x00000244d9a4f7f0 JavaThread "Monitor Deflation Thread" daemon [_thread_blocked, id=21616, stack(0x00000052fa900000,0x00000052faa00000)]
  0x00000244d9a55960 JavaThread "C2 CompilerThread0" daemon [_thread_blocked, id=5696, stack(0x00000052faa00000,0x00000052fab00000)]
=>0x00000244d9a562d0 JavaThread "C1 CompilerThread0" daemon [_thread_in_native, id=22208, stack(0x00000052fab00000,0x00000052fac00000)]
  0x00000244d9a57030 JavaThread "Sweeper thread" daemon [_thread_blocked, id=14048, stack(0x00000052fac00000,0x00000052fad00000)]
  0x00000244ddce51b0 JavaThread "Notification Thread" daemon [_thread_blocked, id=21884, stack(0x00000052fad00000,0x00000052fae00000)]
  0x00000244ddced3c0 JavaThread "Common-Cleaner" daemon [_thread_blocked, id=10264, stack(0x00000052faf00000,0x00000052fb000000)]
  0x00000244ddf08010 JavaThread "Java2D Disposer" daemon [_thread_blocked, id=11452, stack(0x00000052fb000000,0x00000052fb100000)]
  0x00000244ddf08550 JavaThread "AWT-Shutdown" [_thread_blocked, id=6124, stack(0x00000052fb100000,0x00000052fb200000)]
  0x00000244ddf08a90 JavaThread "AWT-Windows" daemon [_thread_in_native, id=21268, stack(0x00000052fb200000,0x00000052fb300000)]
  0x00000244ddf93dd0 JavaThread "AWT-EventQueue-0" [_thread_blocked, id=17684, stack(0x00000052fb300000,0x00000052fb400000)]
  0x00000244bb2f7950 JavaThread "DestroyJavaVM" [_thread_blocked, id=22344, stack(0x00000052f9d00000,0x00000052f9e00000)]

Other Threads:
  0x00000244d9a26dd0 VMThread "VM Thread" [stack: 0x00000052fa300000,0x00000052fa400000] [id=8120]
  0x00000244ddce8330 WatcherThread "VM Periodic Task Thread" [stack: 0x00000052fae00000,0x00000052faf00000] [id=19788]
  0x00000244bb358400 WorkerThread "GC Thread#0" [stack: 0x00000052f9e00000,0x00000052f9f00000] [id=22348]
  0x00000244bb369160 ConcurrentGCThread "G1 Main Marker" [stack: 0x00000052f9f00000,0x00000052fa000000] [id=22352]
  0x00000244bb36b1e0 WorkerThread "G1 Conc#0" [stack: 0x00000052fa000000,0x00000052fa100000] [id=19364]
  0x00000244bb3be530 ConcurrentGCThread "G1 Refine#0" [stack: 0x00000052fa100000,0x00000052fa200000] [id=21124]
  0x00000244d98e1140 ConcurrentGCThread "G1 Service" [stack: 0x00000052fa200000,0x00000052fa300000] [id=21284]

Threads with active compile tasks:
C1 CompilerThread0  2634466 1170  s    3       sun.java2d.loops.GraphicsPrimitiveMgr::locatePrim (95 bytes)

VM state: not at safepoint (normal execution)

VM Mutex/Monitor currently owned by a thread: None

Heap address: 0x0000000082800000, size: 2008 MB, Compressed Oops mode: 32-bit

CDS archive(s) mapped at: [0x0000000800000000-0x0000000800c40000-0x0000000800c40000), size 12845056, SharedBaseAddress: 0x0000000800000000, ArchiveRelocationMode: 0.
Compressed class space mapped at: 0x0000000801000000-0x0000000841000000, reserved size: 1073741824
Narrow klass base: 0x0000000800000000, Narrow klass shift: 0, Narrow klass range: 0x100000000

GC Precious Log:
 CardTable entry size: 512
 Card Set container configuration: InlinePtr #cards 5 size 8 Array Of Cards #cards 12 size 40 Howl #buckets 4 coarsen threshold 1843 Howl Bitmap #cards 512 size 80 coarsen threshold 460 Card regions per heap region 1 cards per card region 2048
 CPUs: 8 total, 8 available
 Memory: 8029M
 Large Page Support: Disabled
 NUMA Support: Disabled
 Compressed Oops: Enabled (32-bit)
 Heap Region Size: 1M
 Heap Min Capacity: 8M
 Heap Initial Capacity: 126M
 Heap Max Capacity: 2008M
 Pre-touch: Disabled
 Parallel Workers: 8
 Concurrent Workers: 2
 Concurrent Refinement Workers: 8
 Periodic GC: Disabled

Heap:
 garbage-first heap   total 129024K, used 19456K [0x0000000082800000, 0x0000000100000000)
  region size 1024K, 16 young (16384K), 0 survivors (0K)
 Metaspace       used 7253K, committed 7488K, reserved 1114112K
  class space    used 744K, committed 896K, reserved 1048576K

Heap Regions: E=young(eden), S=young(survivor), O=old, HS=humongous(starts), HC=humongous(continues), CS=collection set, F=free, OA=open archive, CA=closed archive, TAMS=top-at-mark-start (previous, next)
|   0|0x0000000082800000, 0x0000000082900000, 0x0000000082900000|100%|HS|  |TAMS 0x0000000082800000, 0x0000000082800000| Complete 
|   1|0x0000000082900000, 0x0000000082a00000, 0x0000000082a00000|100%|HC|  |TAMS 0x0000000082900000, 0x0000000082900000| Complete 
|   2|0x0000000082a00000, 0x0000000082b00000, 0x0000000082b00000|100%|HC|  |TAMS 0x0000000082a00000, 0x0000000082a00000| Complete 
|   3|0x0000000082b00000, 0x0000000082c00000, 0x0000000082c00000|100%|HC|  |TAMS 0x0000000082b00000, 0x0000000082b00000| Complete 
|   4|0x0000000082c00000, 0x0000000082c00000, 0x0000000082d00000|  0%| F|  |TAMS 0x0000000082c00000, 0x0000000082c00000| Untracked 
|   5|0x0000000082d00000, 0x0000000082d00000, 0x0000000082e00000|  0%| F|  |TAMS 0x0000000082d00000, 0x0000000082d00000| Untracked 
|   6|0x0000000082e00000, 0x0000000082e00000, 0x0000000082f00000|  0%| F|  |TAMS 0x0000000082e00000, 0x0000000082e00000| Untracked 
|   7|0x0000000082f00000, 0x0000000082f00000, 0x0000000083000000|  0%| F|  |TAMS 0x0000000082f00000, 0x0000000082f00000| Untracked 
|   8|0x0000000083000000, 0x0000000083000000, 0x0000000083100000|  0%| F|  |TAMS 0x0000000083000000, 0x0000000083000000| Untracked 
|   9|0x0000000083100000, 0x0000000083100000, 0x0000000083200000|  0%| F|  |TAMS 0x0000000083100000, 0x0000000083100000| Untracked 
|  10|0x0000000083200000, 0x0000000083200000, 0x0000000083300000|  0%| F|  |TAMS 0x0000000083200000, 0x0000000083200000| Untracked 
|  11|0x0000000083300000, 0x0000000083300000, 0x0000000083400000|  0%| F|  |TAMS 0x0000000083300000, 0x0000000083300000| Untracked 
|  12|0x0000000083400000, 0x0000000083400000, 0x0000000083500000|  0%| F|  |TAMS 0x0000000083400000, 0x0000000083400000| Untracked 
|  13|0x0000000083500000, 0x0000000083500000, 0x0000000083600000|  0%| F|  |TAMS 0x0000000083500000, 0x0000000083500000| Untracked 
|  14|0x0000000083600000, 0x0000000083600000, 0x0000000083700000|  0%| F|  |TAMS 0x0000000083600000, 0x0000000083600000| Untracked 
|  15|0x0000000083700000, 0x0000000083700000, 0x0000000083800000|  0%| F|  |TAMS 0x0000000083700000, 0x0000000083700000| Untracked 
|  16|0x0000000083800000, 0x0000000083800000, 0x0000000083900000|  0%| F|  |TAMS 0x0000000083800000, 0x0000000083800000| Untracked 
|  17|0x0000000083900000, 0x0000000083900000, 0x0000000083a00000|  0%| F|  |TAMS 0x0000000083900000, 0x0000000083900000| Untracked 
|  18|0x0000000083a00000, 0x0000000083a00000, 0x0000000083b00000|  0%| F|  |TAMS 0x0000000083a00000, 0x0000000083a00000| Untracked 
|  19|0x0000000083b00000, 0x0000000083b00000, 0x0000000083c00000|  0%| F|  |TAMS 0x0000000083b00000, 0x0000000083b00000| Untracked 
|  20|0x0000000083c00000, 0x0000000083c00000, 0x0000000083d00000|  0%| F|  |TAMS 0x0000000083c00000, 0x0000000083c00000| Untracked 
|  21|0x0000000083d00000, 0x0000000083d00000, 0x0000000083e00000|  0%| F|  |TAMS 0x0000000083d00000, 0x0000000083d00000| Untracked 
|  22|0x0000000083e00000, 0x0000000083e00000, 0x0000000083f00000|  0%| F|  |TAMS 0x0000000083e00000, 0x0000000083e00000| Untracked 
|  23|0x0000000083f00000, 0x0000000083f00000, 0x0000000084000000|  0%| F|  |TAMS 0x0000000083f00000, 0x0000000083f00000| Untracked 
|  24|0x0000000084000000, 0x0000000084000000, 0x0000000084100000|  0%| F|  |TAMS 0x0000000084000000, 0x0000000084000000| Untracked 
|  25|0x0000000084100000, 0x0000000084100000, 0x0000000084200000|  0%| F|  |TAMS 0x0000000084100000, 0x0000000084100000| Untracked 
|  26|0x0000000084200000, 0x0000000084200000, 0x0000000084300000|  0%| F|  |TAMS 0x0000000084200000, 0x0000000084200000| Untracked 
|  27|0x0000000084300000, 0x0000000084300000, 0x0000000084400000|  0%| F|  |TAMS 0x0000000084300000, 0x0000000084300000| Untracked 
|  28|0x0000000084400000, 0x0000000084400000, 0x0000000084500000|  0%| F|  |TAMS 0x0000000084400000, 0x0000000084400000| Untracked 
|  29|0x0000000084500000, 0x0000000084500000, 0x0000000084600000|  0%| F|  |TAMS 0x0000000084500000, 0x0000000084500000| Untracked 
|  30|0x0000000084600000, 0x0000000084600000, 0x0000000084700000|  0%| F|  |TAMS 0x0000000084600000, 0x0000000084600000| Untracked 
|  31|0x0000000084700000, 0x0000000084700000, 0x0000000084800000|  0%| F|  |TAMS 0x0000000084700000, 0x0000000084700000| Untracked 
|  32|0x0000000084800000, 0x0000000084800000, 0x0000000084900000|  0%| F|  |TAMS 0x0000000084800000, 0x0000000084800000| Untracked 
|  33|0x0000000084900000, 0x0000000084900000, 0x0000000084a00000|  0%| F|  |TAMS 0x0000000084900000, 0x0000000084900000| Untracked 
|  34|0x0000000084a00000, 0x0000000084a00000, 0x0000000084b00000|  0%| F|  |TAMS 0x0000000084a00000, 0x0000000084a00000| Untracked 
|  35|0x0000000084b00000, 0x0000000084b00000, 0x0000000084c00000|  0%| F|  |TAMS 0x0000000084b00000, 0x0000000084b00000| Untracked 
|  36|0x0000000084c00000, 0x0000000084c00000, 0x0000000084d00000|  0%| F|  |TAMS 0x0000000084c00000, 0x0000000084c00000| Untracked 
|  37|0x0000000084d00000, 0x0000000084d00000, 0x0000000084e00000|  0%| F|  |TAMS 0x0000000084d00000, 0x0000000084d00000| Untracked 
|  38|0x0000000084e00000, 0x0000000084e00000, 0x0000000084f00000|  0%| F|  |TAMS 0x0000000084e00000, 0x0000000084e00000| Untracked 
|  39|0x0000000084f00000, 0x0000000084f00000, 0x0000000085000000|  0%| F|  |TAMS 0x0000000084f00000, 0x0000000084f00000| Untracked 
|  40|0x0000000085000000, 0x0000000085000000, 0x0000000085100000|  0%| F|  |TAMS 0x0000000085000000, 0x0000000085000000| Untracked 
|  41|0x0000000085100000, 0x0000000085100000, 0x0000000085200000|  0%| F|  |TAMS 0x0000000085100000, 0x0000000085100000| Untracked 
|  42|0x0000000085200000, 0x0000000085200000, 0x0000000085300000|  0%| F|  |TAMS 0x0000000085200000, 0x0000000085200000| Untracked 
|  43|0x0000000085300000, 0x0000000085300000, 0x0000000085400000|  0%| F|  |TAMS 0x0000000085300000, 0x0000000085300000| Untracked 
|  44|0x0000000085400000, 0x0000000085400000, 0x0000000085500000|  0%| F|  |TAMS 0x0000000085400000, 0x0000000085400000| Untracked 
|  45|0x0000000085500000, 0x0000000085500000, 0x0000000085600000|  0%| F|  |TAMS 0x0000000085500000, 0x0000000085500000| Untracked 
|  46|0x0000000085600000, 0x0000000085600000, 0x0000000085700000|  0%| F|  |TAMS 0x0000000085600000, 0x0000000085600000| Untracked 
|  47|0x0000000085700000, 0x0000000085700000, 0x0000000085800000|  0%| F|  |TAMS 0x0000000085700000, 0x0000000085700000| Untracked 
|  48|0x0000000085800000, 0x0000000085800000, 0x0000000085900000|  0%| F|  |TAMS 0x0000000085800000, 0x0000000085800000| Untracked 
|  49|0x0000000085900000, 0x0000000085900000, 0x0000000085a00000|  0%| F|  |TAMS 0x0000000085900000, 0x0000000085900000| Untracked 
|  50|0x0000000085a00000, 0x0000000085a00000, 0x0000000085b00000|  0%| F|  |TAMS 0x0000000085a00000, 0x0000000085a00000| Untracked 
|  51|0x0000000085b00000, 0x0000000085b00000, 0x0000000085c00000|  0%| F|  |TAMS 0x0000000085b00000, 0x0000000085b00000| Untracked 
|  52|0x0000000085c00000, 0x0000000085c00000, 0x0000000085d00000|  0%| F|  |TAMS 0x0000000085c00000, 0x0000000085c00000| Untracked 
|  53|0x0000000085d00000, 0x0000000085d00000, 0x0000000085e00000|  0%| F|  |TAMS 0x0000000085d00000, 0x0000000085d00000| Untracked 
|  54|0x0000000085e00000, 0x0000000085e00000, 0x0000000085f00000|  0%| F|  |TAMS 0x0000000085e00000, 0x0000000085e00000| Untracked 
|  55|0x0000000085f00000, 0x0000000085f00000, 0x0000000086000000|  0%| F|  |TAMS 0x0000000085f00000, 0x0000000085f00000| Untracked 
|  56|0x0000000086000000, 0x0000000086000000, 0x0000000086100000|  0%| F|  |TAMS 0x0000000086000000, 0x0000000086000000| Untracked 
|  57|0x0000000086100000, 0x0000000086100000, 0x0000000086200000|  0%| F|  |TAMS 0x0000000086100000, 0x0000000086100000| Untracked 
|  58|0x0000000086200000, 0x0000000086200000, 0x0000000086300000|  0%| F|  |TAMS 0x0000000086200000, 0x0000000086200000| Untracked 
|  59|0x0000000086300000, 0x0000000086300000, 0x0000000086400000|  0%| F|  |TAMS 0x0000000086300000, 0x0000000086300000| Untracked 
|  60|0x0000000086400000, 0x0000000086400000, 0x0000000086500000|  0%| F|  |TAMS 0x0000000086400000, 0x0000000086400000| Untracked 
|  61|0x0000000086500000, 0x0000000086500000, 0x0000000086600000|  0%| F|  |TAMS 0x0000000086500000, 0x0000000086500000| Untracked 
|  62|0x0000000086600000, 0x0000000086600000, 0x0000000086700000|  0%| F|  |TAMS 0x0000000086600000, 0x0000000086600000| Untracked 
|  63|0x0000000086700000, 0x0000000086700000, 0x0000000086800000|  0%| F|  |TAMS 0x0000000086700000, 0x0000000086700000| Untracked 
|  64|0x0000000086800000, 0x0000000086800000, 0x0000000086900000|  0%| F|  |TAMS 0x0000000086800000, 0x0000000086800000| Untracked 
|  65|0x0000000086900000, 0x0000000086900000, 0x0000000086a00000|  0%| F|  |TAMS 0x0000000086900000, 0x0000000086900000| Untracked 
|  66|0x0000000086a00000, 0x0000000086a00000, 0x0000000086b00000|  0%| F|  |TAMS 0x0000000086a00000, 0x0000000086a00000| Untracked 
|  67|0x0000000086b00000, 0x0000000086b00000, 0x0000000086c00000|  0%| F|  |TAMS 0x0000000086b00000, 0x0000000086b00000| Untracked 
|  68|0x0000000086c00000, 0x0000000086c00000, 0x0000000086d00000|  0%| F|  |TAMS 0x0000000086c00000, 0x0000000086c00000| Untracked 
|  69|0x0000000086d00000, 0x0000000086d00000, 0x0000000086e00000|  0%| F|  |TAMS 0x0000000086d00000, 0x0000000086d00000| Untracked 
|  70|0x0000000086e00000, 0x0000000086e00000, 0x0000000086f00000|  0%| F|  |TAMS 0x0000000086e00000, 0x0000000086e00000| Untracked 
|  71|0x0000000086f00000, 0x0000000086f00000, 0x0000000087000000|  0%| F|  |TAMS 0x0000000086f00000, 0x0000000086f00000| Untracked 
|  72|0x0000000087000000, 0x0000000087000000, 0x0000000087100000|  0%| F|  |TAMS 0x0000000087000000, 0x0000000087000000| Untracked 
|  73|0x0000000087100000, 0x0000000087100000, 0x0000000087200000|  0%| F|  |TAMS 0x0000000087100000, 0x0000000087100000| Untracked 
|  74|0x0000000087200000, 0x0000000087200000, 0x0000000087300000|  0%| F|  |TAMS 0x0000000087200000, 0x0000000087200000| Untracked 
|  75|0x0000000087300000, 0x0000000087300000, 0x0000000087400000|  0%| F|  |TAMS 0x0000000087300000, 0x0000000087300000| Untracked 
|  76|0x0000000087400000, 0x0000000087400000, 0x0000000087500000|  0%| F|  |TAMS 0x0000000087400000, 0x0000000087400000| Untracked 
|  77|0x0000000087500000, 0x0000000087500000, 0x0000000087600000|  0%| F|  |TAMS 0x0000000087500000, 0x0000000087500000| Untracked 
|  78|0x0000000087600000, 0x0000000087600000, 0x0000000087700000|  0%| F|  |TAMS 0x0000000087600000, 0x0000000087600000| Untracked 
|  79|0x0000000087700000, 0x0000000087700000, 0x0000000087800000|  0%| F|  |TAMS 0x0000000087700000, 0x0000000087700000| Untracked 
|  80|0x0000000087800000, 0x0000000087800000, 0x0000000087900000|  0%| F|  |TAMS 0x0000000087800000, 0x0000000087800000| Untracked 
|  81|0x0000000087900000, 0x0000000087900000, 0x0000000087a00000|  0%| F|  |TAMS 0x0000000087900000, 0x0000000087900000| Untracked 
|  82|0x0000000087a00000, 0x0000000087a00000, 0x0000000087b00000|  0%| F|  |TAMS 0x0000000087a00000, 0x0000000087a00000| Untracked 
|  83|0x0000000087b00000, 0x0000000087b00000, 0x0000000087c00000|  0%| F|  |TAMS 0x0000000087b00000, 0x0000000087b00000| Untracked 
|  84|0x0000000087c00000, 0x0000000087c00000, 0x0000000087d00000|  0%| F|  |TAMS 0x0000000087c00000, 0x0000000087c00000| Untracked 
|  85|0x0000000087d00000, 0x0000000087d00000, 0x0000000087e00000|  0%| F|  |TAMS 0x0000000087d00000, 0x0000000087d00000| Untracked 
|  86|0x0000000087e00000, 0x0000000087e00000, 0x0000000087f00000|  0%| F|  |TAMS 0x0000000087e00000, 0x0000000087e00000| Untracked 
|  87|0x0000000087f00000, 0x0000000087f00000, 0x0000000088000000|  0%| F|  |TAMS 0x0000000087f00000, 0x0000000087f00000| Untracked 
|  88|0x0000000088000000, 0x0000000088000000, 0x0000000088100000|  0%| F|  |TAMS 0x0000000088000000, 0x0000000088000000| Untracked 
|  89|0x0000000088100000, 0x0000000088100000, 0x0000000088200000|  0%| F|  |TAMS 0x0000000088100000, 0x0000000088100000| Untracked 
|  90|0x0000000088200000, 0x0000000088200000, 0x0000000088300000|  0%| F|  |TAMS 0x0000000088200000, 0x0000000088200000| Untracked 
|  91|0x0000000088300000, 0x0000000088300000, 0x0000000088400000|  0%| F|  |TAMS 0x0000000088300000, 0x0000000088300000| Untracked 
|  92|0x0000000088400000, 0x0000000088400000, 0x0000000088500000|  0%| F|  |TAMS 0x0000000088400000, 0x0000000088400000| Untracked 
|  93|0x0000000088500000, 0x0000000088500000, 0x0000000088600000|  0%| F|  |TAMS 0x0000000088500000, 0x0000000088500000| Untracked 
|  94|0x0000000088600000, 0x0000000088600000, 0x0000000088700000|  0%| F|  |TAMS 0x0000000088600000, 0x0000000088600000| Untracked 
|  95|0x0000000088700000, 0x0000000088700000, 0x0000000088800000|  0%| F|  |TAMS 0x0000000088700000, 0x0000000088700000| Untracked 
|  96|0x0000000088800000, 0x0000000088800000, 0x0000000088900000|  0%| F|  |TAMS 0x0000000088800000, 0x0000000088800000| Untracked 
|  97|0x0000000088900000, 0x0000000088900000, 0x0000000088a00000|  0%| F|  |TAMS 0x0000000088900000, 0x0000000088900000| Untracked 
|  98|0x0000000088a00000, 0x0000000088a00000, 0x0000000088b00000|  0%| F|  |TAMS 0x0000000088a00000, 0x0000000088a00000| Untracked 
|  99|0x0000000088b00000, 0x0000000088b00000, 0x0000000088c00000|  0%| F|  |TAMS 0x0000000088b00000, 0x0000000088b00000| Untracked 
| 100|0x0000000088c00000, 0x0000000088c00000, 0x0000000088d00000|  0%| F|  |TAMS 0x0000000088c00000, 0x0000000088c00000| Untracked 
| 101|0x0000000088d00000, 0x0000000088d00000, 0x0000000088e00000|  0%| F|  |TAMS 0x0000000088d00000, 0x0000000088d00000| Untracked 
| 102|0x0000000088e00000, 0x0000000088e00000, 0x0000000088f00000|  0%| F|  |TAMS 0x0000000088e00000, 0x0000000088e00000| Untracked 
| 103|0x0000000088f00000, 0x0000000088f00000, 0x0000000089000000|  0%| F|  |TAMS 0x0000000088f00000, 0x0000000088f00000| Untracked 
| 104|0x0000000089000000, 0x0000000089000000, 0x0000000089100000|  0%| F|  |TAMS 0x0000000089000000, 0x0000000089000000| Untracked 
| 105|0x0000000089100000, 0x0000000089100000, 0x0000000089200000|  0%| F|  |TAMS 0x0000000089100000, 0x0000000089100000| Untracked 
| 106|0x0000000089200000, 0x0000000089200000, 0x0000000089300000|  0%| F|  |TAMS 0x0000000089200000, 0x0000000089200000| Untracked 
| 107|0x0000000089300000, 0x0000000089300000, 0x0000000089400000|  0%| F|  |TAMS 0x0000000089300000, 0x0000000089300000| Untracked 
| 108|0x0000000089400000, 0x0000000089400000, 0x0000000089500000|  0%| F|  |TAMS 0x0000000089400000, 0x0000000089400000| Untracked 
| 109|0x0000000089500000, 0x0000000089500000, 0x0000000089600000|  0%| F|  |TAMS 0x0000000089500000, 0x0000000089500000| Untracked 
| 110|0x0000000089600000, 0x0000000089676470, 0x0000000089700000| 46%| E|  |TAMS 0x0000000089600000, 0x0000000089600000| Complete 
| 111|0x0000000089700000, 0x0000000089800000, 0x0000000089800000|100%| E|CS|TAMS 0x0000000089700000, 0x0000000089700000| Complete 
| 112|0x0000000089800000, 0x0000000089900000, 0x0000000089900000|100%| E|CS|TAMS 0x0000000089800000, 0x0000000089800000| Complete 
| 113|0x0000000089900000, 0x0000000089a00000, 0x0000000089a00000|100%| E|CS|TAMS 0x0000000089900000, 0x0000000089900000| Complete 
| 114|0x0000000089a00000, 0x0000000089b00000, 0x0000000089b00000|100%| E|CS|TAMS 0x0000000089a00000, 0x0000000089a00000| Complete 
| 115|0x0000000089b00000, 0x0000000089c00000, 0x0000000089c00000|100%| E|CS|TAMS 0x0000000089b00000, 0x0000000089b00000| Complete 
| 116|0x0000000089c00000, 0x0000000089d00000, 0x0000000089d00000|100%| E|CS|TAMS 0x0000000089c00000, 0x0000000089c00000| Complete 
| 117|0x0000000089d00000, 0x0000000089e00000, 0x0000000089e00000|100%| E|CS|TAMS 0x0000000089d00000, 0x0000000089d00000| Complete 
| 118|0x0000000089e00000, 0x0000000089f00000, 0x0000000089f00000|100%| E|CS|TAMS 0x0000000089e00000, 0x0000000089e00000| Complete 
| 119|0x0000000089f00000, 0x000000008a000000, 0x000000008a000000|100%| E|CS|TAMS 0x0000000089f00000, 0x0000000089f00000| Complete 
| 120|0x000000008a000000, 0x000000008a100000, 0x000000008a100000|100%| E|CS|TAMS 0x000000008a000000, 0x000000008a000000| Complete 
| 121|0x000000008a100000, 0x000000008a200000, 0x000000008a200000|100%| E|CS|TAMS 0x000000008a100000, 0x000000008a100000| Complete 
| 122|0x000000008a200000, 0x000000008a300000, 0x000000008a300000|100%| E|CS|TAMS 0x000000008a200000, 0x000000008a200000| Complete 
| 123|0x000000008a300000, 0x000000008a400000, 0x000000008a400000|100%| E|CS|TAMS 0x000000008a300000, 0x000000008a300000| Complete 
| 124|0x000000008a400000, 0x000000008a500000, 0x000000008a500000|100%| E|CS|TAMS 0x000000008a400000, 0x000000008a400000| Complete 
| 125|0x000000008a500000, 0x000000008a600000, 0x000000008a600000|100%| E|CS|TAMS 0x000000008a500000, 0x000000008a500000| Complete 

Card table byte_map: [0x00000244d2980000,0x00000244d2d70000] _byte_map_base: 0x00000244d256c000

Marking Bits (Prev, Next): (CMBitMap*) 0x00000244bb358a30, (CMBitMap*) 0x00000244bb358a70
 Prev Bits: [0x00000244d3160000, 0x00000244d50c0000)
 Next Bits: [0x00000244d50c0000, 0x00000244d7020000)

Polling page: 0x00000244b92c0000

Metaspace:

Usage:
  Non-class:      6.36 MB used.
      Class:    744.92 KB used.
       Both:      7.08 MB used.

Virtual space:
  Non-class space:       64.00 MB reserved,       6.44 MB ( 10%) committed,  1 nodes.
      Class space:        1.00 GB reserved,     896.00 KB ( <1%) committed,  1 nodes.
             Both:        1.06 GB reserved,       7.31 MB ( <1%) committed. 

Chunk freelists:
   Non-Class:  1.01 MB
       Class:  3.11 MB
        Both:  4.12 MB

MaxMetaspaceSize: unlimited
CompressedClassSpaceSize: 1.00 GB
Initial GC threshold: 21.00 MB
Current GC threshold: 21.00 MB
CDS: on
MetaspaceReclaimPolicy: balanced
 - commit_granule_bytes: 65536.
 - commit_granule_words: 8192.
 - virtual_space_node_default_size: 8388608.
 - enlarge_chunks_in_place: 1.
 - new_chunks_are_fully_committed: 0.
 - uncommit_free_chunks: 1.
 - use_allocation_guard: 0.


Internal statistics:

num_allocs_failed_limit: 0.
num_arena_births: 142.
num_arena_deaths: 0.
num_vsnodes_births: 2.
num_vsnodes_deaths: 0.
num_space_committed: 117.
num_space_uncommitted: 0.
num_chunks_returned_to_freelist: 0.
num_chunks_taken_from_freelist: 154.
num_chunk_merges: 0.
num_chunk_splits: 106.
num_chunks_enlarged: 70.
num_inconsistent_stats: 0.

CodeHeap 'non-profiled nmethods': size=120000Kb used=315Kb max_used=315Kb free=119684Kb
 bounds [0x00000244cad30000, 0x00000244cafa0000, 0x00000244d2260000]
CodeHeap 'profiled nmethods': size=120000Kb used=1829Kb max_used=1829Kb free=118171Kb
 bounds [0x00000244c3260000, 0x00000244c34d0000, 0x00000244ca790000]
CodeHeap 'non-nmethods': size=5760Kb used=1367Kb max_used=1382Kb free=4392Kb
 bounds [0x00000244ca790000, 0x00000244caa00000, 0x00000244cad30000]
 total_blobs=1781 nmethods=1169 adapters=523
 compilation: enabled
              stopped_count=0, restarted_count=0
 full_count=0

Compilation events (20 events):
Event: 3.145 Thread 0x00000244d9a562d0 nmethod 1159 0x00000244c3426190 code [0x00000244c3426360, 0x00000244c34266a8]
Event: 3.145 Thread 0x00000244d9a562d0 1160       3       java.awt.Point::<init> (15 bytes)
Event: 3.145 Thread 0x00000244d9a562d0 nmethod 1160 0x00000244c3426810 code [0x00000244c34269c0, 0x00000244c3426b98]
Event: 3.155 Thread 0x00000244d9a562d0 1162       3       jdk.internal.misc.Unsafe::weakCompareAndSetInt (11 bytes)
Event: 3.155 Thread 0x00000244d9a562d0 nmethod 1162 0x00000244c3426c90 code [0x00000244c3426e20, 0x00000244c3426f38]
Event: 3.766 Thread 0x00000244d9a562d0 1164       3       java.beans.PropertyChangeSupport::fire (39 bytes)
Event: 3.767 Thread 0x00000244d9a562d0 nmethod 1164 0x00000244c3427010 code [0x00000244c34271c0, 0x00000244c3427488]
Event: 3.767 Thread 0x00000244d9a562d0 1163  s    3       java.beans.ChangeListenerMap::get (25 bytes)
Event: 3.767 Thread 0x00000244d9a562d0 nmethod 1163 0x00000244c3427610 code [0x00000244c34277e0, 0x00000244c3427bc8]
Event: 1920.281 Thread 0x00000244d9a562d0 1165       3       java.lang.Thread::isVirtual (5 bytes)
Event: 1920.282 Thread 0x00000244d9a562d0 nmethod 1165 0x00000244c3427c90 code [0x00000244c3427e40, 0x00000244c3428058]
Event: 2580.374 Thread 0x00000244d9a562d0 1166       3       java.lang.Thread::interrupted (7 bytes)
Event: 2580.379 Thread 0x00000244d9a562d0 nmethod 1166 0x00000244c3428110 code [0x00000244c34282c0, 0x00000244c3428528]
Event: 2580.379 Thread 0x00000244d9a562d0 1167       3       java.lang.Thread::getAndClearInterrupt (19 bytes)
Event: 2580.379 Thread 0x00000244d9a562d0 nmethod 1167 0x00000244c3428610 code [0x00000244c34287c0, 0x00000244c3428948]
Event: 2633.309 Thread 0x00000244d9a562d0 1168       3       java.lang.StringBuilder::append (8 bytes)
Event: 2633.310 Thread 0x00000244d9a562d0 nmethod 1168 0x00000244c3428a10 code [0x00000244c3428bc0, 0x00000244c3428d08]
Event: 2633.310 Thread 0x00000244d9a562d0 1169       3       java.lang.AbstractStringBuilder::append (55 bytes)
Event: 2633.312 Thread 0x00000244d9a562d0 nmethod 1169 0x00000244c3428d90 code [0x00000244c3428f80, 0x00000244c34292b8]
Event: 2634.215 Thread 0x00000244d9a562d0 1170  s    3       sun.java2d.loops.GraphicsPrimitiveMgr::locatePrim (95 bytes)

GC Heap History (0 events):
No events

Dll operation events (10 events):
Event: 0.009 Loaded shared library C:\Program Files\Java\jdk-19\bin\java.dll
Event: 0.020 Loaded shared library C:\Program Files\Java\jdk-19\bin\jsvml.dll
Event: 0.070 Loaded shared library C:\Program Files\Java\jdk-19\bin\verify.dll
Event: 0.086 Loaded shared library C:\Program Files\Java\jdk-19\bin\jimage.dll
Event: 0.091 Loaded shared library C:\Program Files\Java\jdk-19\bin\net.dll
Event: 0.093 Loaded shared library C:\Program Files\Java\jdk-19\bin\nio.dll
Event: 0.098 Loaded shared library C:\Program Files\Java\jdk-19\bin\zip.dll
Event: 0.113 Loaded shared library C:\Program Files\Java\jdk-19\bin\awt.dll
Event: 0.303 Loaded shared library C:\Program Files\Java\jdk-19\bin\freetype.dll
Event: 0.305 Loaded shared library C:\Program Files\Java\jdk-19\bin\fontmanager.dll

Deoptimization events (20 events):
Event: 0.432 Thread 0x00000244ddf93dd0 Uncommon trap: trap_request=0xffffff45 fr.pc=0x00000244cad5be7c relative=0x00000000000004bc
Event: 0.432 Thread 0x00000244ddf93dd0 Uncommon trap: reason=unstable_if action=reinterpret pc=0x00000244cad5be7c method=java.lang.StringLatin1.toLowerCase(Ljava/lang/String;[BLjava/util/Locale;)Ljava/lang/String; @ 43 c2
Event: 0.433 Thread 0x00000244ddf93dd0 DEOPT PACKING pc=0x00000244cad5be7c sp=0x00000052fb3fcef0
Event: 0.433 Thread 0x00000244ddf93dd0 DEOPT UNPACKING pc=0x00000244ca7f6da3 sp=0x00000052fb3fce60 mode 2
Event: 0.496 Thread 0x00000244ddf93dd0 DEOPT PACKING pc=0x00000244c3276367 sp=0x00000052fb3fcad0
Event: 0.496 Thread 0x00000244ddf93dd0 DEOPT UNPACKING pc=0x00000244ca7f7543 sp=0x00000052fb3fbef0 mode 0
Event: 0.573 Thread 0x00000244ddf93dd0 DEOPT PACKING pc=0x00000244c32756d1 sp=0x00000052fb3fc4e0
Event: 0.573 Thread 0x00000244ddf93dd0 DEOPT UNPACKING pc=0x00000244ca7f7543 sp=0x00000052fb3fb958 mode 0
Event: 0.637 Thread 0x00000244ddf93dd0 Uncommon trap: trap_request=0xffffff45 fr.pc=0x00000244cad3d5c8 relative=0x00000000000000a8
Event: 0.637 Thread 0x00000244ddf93dd0 Uncommon trap: reason=unstable_if action=reinterpret pc=0x00000244cad3d5c8 method=java.lang.String.hashCode()I @ 20 c2
Event: 0.637 Thread 0x00000244ddf93dd0 DEOPT PACKING pc=0x00000244cad3d5c8 sp=0x00000052fb3fcd00
Event: 0.637 Thread 0x00000244ddf93dd0 DEOPT UNPACKING pc=0x00000244ca7f6da3 sp=0x00000052fb3fcc90 mode 2
Event: 0.660 Thread 0x00000244ddf93dd0 Uncommon trap: trap_request=0xffffff45 fr.pc=0x00000244cad6bb70 relative=0x00000000000003b0
Event: 0.660 Thread 0x00000244ddf93dd0 Uncommon trap: reason=unstable_if action=reinterpret pc=0x00000244cad6bb70 method=java.lang.Character.isSurrogate(C)Z @ 3 c2
Event: 0.660 Thread 0x00000244ddf93dd0 DEOPT PACKING pc=0x00000244cad6bb70 sp=0x00000052fb3fc9d0
Event: 0.660 Thread 0x00000244ddf93dd0 DEOPT UNPACKING pc=0x00000244ca7f6da3 sp=0x00000052fb3fc8e8 mode 2
Event: 0.710 Thread 0x00000244ddf93dd0 Uncommon trap: trap_request=0xffffff45 fr.pc=0x00000244cad72d84 relative=0x00000000000000e4
Event: 0.710 Thread 0x00000244ddf93dd0 Uncommon trap: reason=unstable_if action=reinterpret pc=0x00000244cad72d84 method=java.lang.ThreadLocal$ThreadLocalMap.getEntry(Ljava/lang/ThreadLocal;)Ljava/lang/ThreadLocal$ThreadLocalMap$Entry; @ 21 c2
Event: 0.710 Thread 0x00000244ddf93dd0 DEOPT PACKING pc=0x00000244cad72d84 sp=0x00000052fb3fd160
Event: 0.710 Thread 0x00000244ddf93dd0 DEOPT UNPACKING pc=0x00000244ca7f6da3 sp=0x00000052fb3fd0f0 mode 2

Classes loaded (20 events):
Event: 1.565 Loading class java/awt/Toolkit$SelectiveAWTEventListener
Event: 1.565 Loading class java/awt/Toolkit$SelectiveAWTEventListener done
Event: 1.565 Loading class java/awt/Toolkit$ToolkitEventMulticaster
Event: 1.565 Loading class java/awt/Toolkit$ToolkitEventMulticaster done
Event: 1.565 Loading class java/awt/event/MouseWheelEvent
Event: 1.565 Loading class java/awt/event/MouseWheelEvent done
Event: 1.586 Loading class javax/swing/event/ChangeEvent
Event: 1.586 Loading class javax/swing/event/ChangeEvent done
Event: 1.965 Loading class java/awt/LightweightDispatcher$2
Event: 1.965 Loading class java/awt/LightweightDispatcher$2 done
Event: 3.755 Loading class java/awt/KeyboardFocusManager$2
Event: 3.755 Loading class java/awt/KeyboardFocusManager$2 done
Event: 3.755 Loading class sun/awt/SunToolkit$1
Event: 3.756 Loading class sun/awt/SunToolkit$1 done
Event: 2633.496 Loading class java/util/WeakHashMap$KeyIterator
Event: 2633.515 Loading class java/util/WeakHashMap$HashIterator
Event: 2633.516 Loading class java/util/WeakHashMap$HashIterator done
Event: 2633.516 Loading class java/util/WeakHashMap$KeyIterator done
Event: 2633.536 Loading class javax/swing/RepaintManager$DisplayChangedRunnable
Event: 2633.544 Loading class javax/swing/RepaintManager$DisplayChangedRunnable done

Classes unloaded (0 events):
No events

Classes redefined (0 events):
No events

Internal exceptions (13 events):
Event: 0.105 Thread 0x00000244bb2f7950 Exception <a 'java/lang/ClassNotFoundException'{0x000000008a4eca90}: sun/awt/resources/spi/awtProvider> (0x000000008a4eca90) 
thrown [s\open\src\hotspot\share\classfile\systemDictionary.cpp, line 255]
Event: 0.127 Thread 0x00000244bb2f7950 Exception <a 'java/io/FileNotFoundException'{0x000000008a3461a8}> (0x000000008a3461a8) 
thrown [s\open\src\hotspot\share\prims\jni.cpp, line 517]
Event: 0.135 Thread 0x00000244bb2f7950 Exception <a 'java/io/FileNotFoundException'{0x000000008a3726b8}> (0x000000008a3726b8) 
thrown [s\open\src\hotspot\share\prims\jni.cpp, line 517]
Event: 0.172 Thread 0x00000244bb2f7950 Exception <a 'java/lang/NoSuchMethodError'{0x000000008a3bcdc0}: 'java.lang.Object java.lang.invoke.DirectMethodHandle$Holder.invokeStaticInit(java.lang.Object)'> (0x000000008a3bcdc0) 
thrown [s\open\src\hotspot\share\interpreter\linkResolver.cpp, line 774]
Event: 0.209 Thread 0x00000244bb2f7950 Exception <a 'java/lang/NoSuchMethodError'{0x000000008a29c158}: 'void java.lang.invoke.DirectMethodHandle$Holder.invokeSpecial(java.lang.Object, java.lang.Object, java.lang.Object)'> (0x000000008a29c158) 
thrown [s\open\src\hotspot\share\interpreter\linkResolver.cpp, line 774]
Event: 0.219 Thread 0x00000244bb2f7950 Exception <a 'java/lang/NoSuchMethodError'{0x000000008a2c6c98}: 'java.lang.Object java.lang.invoke.DirectMethodHandle$Holder.newInvokeSpecial(java.lang.Object, java.lang.Object, java.lang.Object, java.lang.Object, java.lang.Object)'> (0x000000008a2c6c98) 
thrown [s\open\src\hotspot\share\interpreter\linkResolver.cpp, line 774]
Event: 0.227 Thread 0x00000244bb2f7950 Exception <a 'java/lang/NoSuchMethodError'{0x000000008a10c3a0}: 'java.lang.Object java.lang.invoke.DirectMethodHandle$Holder.invokeStatic(java.lang.Object, int, java.lang.Object)'> (0x000000008a10c3a0) 
thrown [s\open\src\hotspot\share\interpreter\linkResolver.cpp, line 774]
Event: 0.258 Thread 0x00000244bb2f7950 Exception <a 'java/lang/ClassNotFoundException'{0x000000008a1c7e40}: com/sun/swing/internal/plaf/metal/resources/spi/metalProvider> (0x000000008a1c7e40) 
thrown [s\open\src\hotspot\share\classfile\systemDictionary.cpp, line 255]
Event: 0.259 Thread 0x00000244bb2f7950 Exception <a 'java/lang/ClassNotFoundException'{0x000000008a1cbda0}: com/sun/swing/internal/plaf/basic/resources/spi/basicProvider> (0x000000008a1cbda0) 
thrown [s\open\src\hotspot\share\classfile\systemDictionary.cpp, line 255]
Event: 0.268 Thread 0x00000244bb2f7950 Exception <a 'java/lang/NoSuchMethodError'{0x000000008a1ec258}: 'int java.lang.invoke.Invokers$Holder.invokeExact_MT(java.lang.Object, java.lang.Object)'> (0x000000008a1ec258) 
thrown [s\open\src\hotspot\share\interpreter\linkResolver.cpp, line 774]
Event: 0.286 Thread 0x00000244ddf08a90 Exception <a 'java/lang/NoSuchMethodError'{0x000000008a210038}: 'void java.lang.invoke.DirectMethodHandle$Holder.invokeVirtual(java.lang.Object, java.lang.Object)'> (0x000000008a210038) 
thrown [s\open\src\hotspot\share\interpreter\linkResolver.cpp, line 774]
Event: 0.300 Thread 0x00000244bb2f7950 Exception <a 'java/lang/NoSuchMethodError'{0x000000008a025a80}: 'void java.lang.invoke.DirectMethodHandle$Holder.invokeStaticInit(java.lang.Object)'> (0x000000008a025a80) 
thrown [s\open\src\hotspot\share\interpreter\linkResolver.cpp, line 774]
Event: 0.710 Thread 0x00000244ddf93dd0 Implicit null exception at 0x00000244cad72d00 to 0x00000244cad72d6c

VM Operations (20 events):
Event: 0.141 Executing VM operation: HandshakeAllThreads
Event: 0.141 Executing VM operation: HandshakeAllThreads done
Event: 0.257 Executing VM operation: HandshakeAllThreads
Event: 0.258 Executing VM operation: HandshakeAllThreads done
Event: 0.272 Executing VM operation: HandshakeAllThreads
Event: 0.272 Executing VM operation: HandshakeAllThreads done
Event: 0.376 Executing VM operation: HandshakeAllThreads
Event: 0.376 Executing VM operation: HandshakeAllThreads done
Event: 0.703 Executing VM operation: HandshakeAllThreads
Event: 0.704 Executing VM operation: HandshakeAllThreads done
Event: 0.704 Executing VM operation: HandshakeAllThreads
Event: 0.704 Executing VM operation: HandshakeAllThreads done
Event: 1.714 Executing VM operation: Cleanup
Event: 1.714 Executing VM operation: Cleanup done
Event: 2.728 Executing VM operation: Cleanup
Event: 2.728 Executing VM operation: Cleanup done
Event: 3.742 Executing VM operation: Cleanup
Event: 3.742 Executing VM operation: Cleanup done
Event: 4.754 Executing VM operation: Cleanup
Event: 4.754 Executing VM operation: Cleanup done

Events (18 events):
Event: 0.021 Thread 0x00000244bb2f7950 Thread added: 0x00000244bb2f7950
Event: 0.035 Thread 0x00000244d9a44440 Thread added: 0x00000244d9a44440
Event: 0.035 Thread 0x00000244d9a46f80 Thread added: 0x00000244d9a46f80
Event: 0.036 Thread 0x00000244d9a49c40 Thread added: 0x00000244d9a49c40
Event: 0.036 Thread 0x00000244d9a4c580 Thread added: 0x00000244d9a4c580
Event: 0.036 Thread 0x00000244d9a4ceb0 Thread added: 0x00000244d9a4ceb0
Event: 0.036 Thread 0x00000244d9a4f7f0 Thread added: 0x00000244d9a4f7f0
Event: 0.036 Thread 0x00000244d9a55960 Thread added: 0x00000244d9a55960
Event: 0.036 Thread 0x00000244d9a562d0 Thread added: 0x00000244d9a562d0
Event: 0.037 Thread 0x00000244d9a57030 Thread added: 0x00000244d9a57030
Event: 0.058 Thread 0x00000244ddce51b0 Thread added: 0x00000244ddce51b0
Event: 0.064 Thread 0x00000244ddced3c0 Thread added: 0x00000244ddced3c0
Event: 0.173 Thread 0x00000244ddf08010 Thread added: 0x00000244ddf08010
Event: 0.174 Thread 0x00000244ddf08550 Thread added: 0x00000244ddf08550
Event: 0.175 Thread 0x00000244ddf08a90 Thread added: 0x00000244ddf08a90
Event: 0.286 Thread 0x00000244ddf93dd0 Thread added: 0x00000244ddf93dd0
Event: 0.375 Thread 0x00000244bb2f7950 Thread exited: 0x00000244bb2f7950
Event: 0.375 Thread 0x00000244bb2f7950 Thread added: 0x00000244bb2f7950


Dynamic libraries:
0x00007ff7865a0000 - 0x00007ff7865b0000 	C:\Program Files\Java\jdk-19\bin\javaw.exe
0x00007ff8028d0000 - 0x00007ff802ae4000 	C:\WINDOWS\SYSTEM32\ntdll.dll
0x00007ff801ec0000 - 0x00007ff801f82000 	C:\WINDOWS\System32\KERNEL32.DLL
0x00007fffffc40000 - 0x00007ffffffe3000 	C:\WINDOWS\System32\KERNELBASE.dll
0x00007ff800520000 - 0x00007ff800631000 	C:\WINDOWS\System32\ucrtbase.dll
0x00007ffffcca0000 - 0x00007ffffccb8000 	C:\Program Files\Java\jdk-19\bin\jli.dll
0x00007ffffad10000 - 0x00007ffffad2b000 	C:\Program Files\Java\jdk-19\bin\VCRUNTIME140.dll
0x00007ff800d50000 - 0x00007ff800dfe000 	C:\WINDOWS\System32\ADVAPI32.dll
0x00007ff802230000 - 0x00007ff8022d7000 	C:\WINDOWS\System32\msvcrt.dll
0x00007ff802590000 - 0x00007ff802634000 	C:\WINDOWS\System32\sechost.dll
0x00007ff800f70000 - 0x00007ff801087000 	C:\WINDOWS\System32\RPCRT4.dll
0x00007ff802070000 - 0x00007ff80221a000 	C:\WINDOWS\System32\USER32.dll
0x00007ff8002c0000 - 0x00007ff8002e6000 	C:\WINDOWS\System32\win32u.dll
0x00007fffe8b10000 - 0x00007fffe8d9e000 	C:\WINDOWS\WinSxS\amd64_microsoft.windows.common-controls_6595b64144ccf1df_6.0.22621.1635_none_270f70857386168e\COMCTL32.dll
0x00007ff800f40000 - 0x00007ff800f69000 	C:\WINDOWS\System32\GDI32.dll
0x00007ff8001a0000 - 0x00007ff8002b9000 	C:\WINDOWS\System32\gdi32full.dll
0x00007ff800100000 - 0x00007ff80019a000 	C:\WINDOWS\System32\msvcp_win.dll
0x00007ffff3d50000 - 0x00007ffff3d5a000 	C:\WINDOWS\SYSTEM32\VERSION.dll
0x00007ff802440000 - 0x00007ff802471000 	C:\WINDOWS\System32\IMM32.DLL
0x00007ffffcc90000 - 0x00007ffffcc9c000 	C:\Program Files\Java\jdk-19\bin\vcruntime140_1.dll
0x00007ffffac80000 - 0x00007ffffad0e000 	C:\Program Files\Java\jdk-19\bin\msvcp140.dll
0x00007fffb01a0000 - 0x00007fffb0e60000 	C:\Program Files\Java\jdk-19\bin\server\jvm.dll
0x00007ffffadc0000 - 0x00007ffffadc9000 	C:\WINDOWS\SYSTEM32\WSOCK32.dll
0x00007ffff7210000 - 0x00007ffff7244000 	C:\WINDOWS\SYSTEM32\WINMM.dll
0x00007ff800e70000 - 0x00007ff800ee1000 	C:\WINDOWS\System32\WS2_32.dll
0x00007ffffedb0000 - 0x00007ffffedc8000 	C:\WINDOWS\SYSTEM32\kernel.appcore.dll
0x00007ffffac70000 - 0x00007ffffac7a000 	C:\Program Files\Java\jdk-19\bin\jimage.dll
0x00007ffffd640000 - 0x00007ffffd86e000 	C:\WINDOWS\SYSTEM32\DBGHELP.DLL
0x00007ff8019d0000 - 0x00007ff801d59000 	C:\WINDOWS\System32\combase.dll
0x00007ff801f90000 - 0x00007ff802067000 	C:\WINDOWS\System32\OLEAUT32.dll
0x00007fffee070000 - 0x00007fffee0a2000 	C:\WINDOWS\SYSTEM32\dbgcore.DLL
0x00007ff800080000 - 0x00007ff8000fa000 	C:\WINDOWS\System32\bcryptPrimitives.dll
0x00007ffff9dc0000 - 0x00007ffff9de6000 	C:\Program Files\Java\jdk-19\bin\java.dll
0x00007fffcf650000 - 0x00007fffcf727000 	C:\Program Files\Java\jdk-19\bin\jsvml.dll
0x00007ff8011d0000 - 0x00007ff8019c9000 	C:\WINDOWS\System32\SHELL32.dll
0x00007ffffdc70000 - 0x00007ffffe53e000 	C:\WINDOWS\SYSTEM32\windows.storage.dll
0x00007ffffdb30000 - 0x00007ffffdc6e000 	C:\WINDOWS\SYSTEM32\wintypes.dll
0x00007ff8022e0000 - 0x00007ff8023d1000 	C:\WINDOWS\System32\SHCORE.dll
0x00007ff8023e0000 - 0x00007ff80243e000 	C:\WINDOWS\System32\shlwapi.dll
0x00007fffffbe0000 - 0x00007fffffc06000 	C:\WINDOWS\SYSTEM32\profapi.dll
0x00007fffee140000 - 0x00007fffee150000 	C:\Program Files\Java\jdk-19\bin\verify.dll
0x00007ffffac50000 - 0x00007ffffac63000 	C:\Program Files\Java\jdk-19\bin\net.dll
0x00007ffff8490000 - 0x00007ffff85c7000 	C:\WINDOWS\SYSTEM32\WINHTTP.dll
0x00007fffff230000 - 0x00007fffff299000 	C:\WINDOWS\system32\mswsock.dll
0x00007fffebaa0000 - 0x00007fffebab6000 	C:\Program Files\Java\jdk-19\bin\nio.dll
0x00007fffe5e80000 - 0x00007fffe5e98000 	C:\Program Files\Java\jdk-19\bin\zip.dll
0x00007fffc26f0000 - 0x00007fffc2881000 	C:\Program Files\Java\jdk-19\bin\awt.dll
0x00007ffffcd30000 - 0x00007ffffcdc7000 	C:\WINDOWS\SYSTEM32\apphelp.dll
0x00007ffffd100000 - 0x00007ffffd12b000 	C:\WINDOWS\system32\DWMAPI.DLL
0x00007ffffcec0000 - 0x00007ffffcf6b000 	C:\WINDOWS\system32\uxtheme.dll
0x00007fffc3590000 - 0x00007fffc3690000 	C:\WINDOWS\system32\opengl32.dll
0x00007fffc3520000 - 0x00007fffc354d000 	C:\WINDOWS\SYSTEM32\GLU32.dll
0x00007ffffcfa0000 - 0x00007ffffcfd8000 	C:\WINDOWS\SYSTEM32\dxcore.dll
0x00007ff801d80000 - 0x00007ff801ea7000 	C:\WINDOWS\System32\MSCTF.dll
0x00007ff800bb0000 - 0x00007ff800d4c000 	C:\WINDOWS\System32\ole32.dll
0x00007fffc5160000 - 0x00007fffc51e6000 	C:\Program Files\Java\jdk-19\bin\freetype.dll
0x00007fffc2620000 - 0x00007fffc26e6000 	C:\Program Files\Java\jdk-19\bin\fontmanager.dll
0x00007fffe7370000 - 0x00007fffe749d000 	C:\WINDOWS\SYSTEM32\textinputframework.dll
0x00007ffffc4c0000 - 0x00007ffffc5f3000 	C:\WINDOWS\SYSTEM32\CoreMessaging.dll
0x00007ffff89c0000 - 0x00007ffff8d2c000 	C:\WINDOWS\SYSTEM32\CoreUIComponents.dll
0x00007fffff4f0000 - 0x00007fffff4fc000 	C:\WINDOWS\SYSTEM32\CRYPTBASE.DLL
0x00007ff8010a0000 - 0x00007ff801150000 	C:\WINDOWS\System32\clbcatq.dll
0x00007fffdec50000 - 0x00007fffdec7b000 	C:\Windows\System32\Speech\SpeechUX\SpTip.dll

dbghelp: loaded successfully - version: 4.0.5 - missing functions: none
symbol engine: initialized successfully - sym options: 0x614 - pdb path: .;C:\Program Files\Java\jdk-19\bin;C:\WINDOWS\SYSTEM32;C:\WINDOWS\WinSxS\amd64_microsoft.windows.common-controls_6595b64144ccf1df_6.0.22621.1635_none_270f70857386168e;C:\Program Files\Java\jdk-19\bin\server;C:\Windows\System32\Speech\SpeechUX

VM Arguments:
jvm_args: -Dfile.encoding=UTF-8 -XX:+ShowCodeDetailsInExceptionMessages 
java_command: banking.SignupThree
java_class_path (initial): P:\C_Work\6th Sem\Banking Management System\bin;C:\Users\BAISAMPAYAN\Downloads\mysql-connector-j-8.0.33\mysql-connector-j-8.0.33\mysql-connector-j-8.0.33.jar;C:\Users\BAISAMPAYAN\Downloads\mysql-connector-j-8.0.33\jcalendar-tz-1.3.3-4.jar
Launcher Type: SUN_STANDARD

[Global flags]
     intx CICompilerCount                          = 4                                         {product} {ergonomic}
     uint ConcGCThreads                            = 2                                         {product} {ergonomic}
     uint G1ConcRefinementThreads                  = 8                                         {product} {ergonomic}
   size_t G1HeapRegionSize                         = 1048576                                   {product} {ergonomic}
    uintx GCDrainStackTargetSize                   = 64                                        {product} {ergonomic}
   size_t InitialHeapSize                          = 132120576                                 {product} {ergonomic}
   size_t MarkStackSize                            = 4194304                                   {product} {ergonomic}
   size_t MaxHeapSize                              = 2105540608                                {product} {ergonomic}
   size_t MaxNewSize                               = 1262485504                                {product} {ergonomic}
   size_t MinHeapDeltaBytes                        = 1048576                                   {product} {ergonomic}
   size_t MinHeapSize                              = 8388608                                   {product} {ergonomic}
    uintx NonNMethodCodeHeapSize                   = 5839372                                {pd product} {ergonomic}
    uintx NonProfiledCodeHeapSize                  = 122909434                              {pd product} {ergonomic}
    uintx ProfiledCodeHeapSize                     = 122909434                              {pd product} {ergonomic}
    uintx ReservedCodeCacheSize                    = 251658240                              {pd product} {ergonomic}
     bool SegmentedCodeCache                       = true                                      {product} {ergonomic}
     bool ShowCodeDetailsInExceptionMessages       = true                                   {manageable} {command line}
   size_t SoftMaxHeapSize                          = 2105540608                             {manageable} {ergonomic}
     bool UseCompressedClassPointers               = true                           {product lp64_product} {ergonomic}
     bool UseCompressedOops                        = true                           {product lp64_product} {ergonomic}
     bool UseG1GC                                  = true                                      {product} {ergonomic}
     bool UseLargePagesIndividualAllocation        = false                                  {pd product} {ergonomic}

Logging:
Log output configuration:
 #0: stdout all=warning uptime,level,tags foldmultilines=false
 #1: stderr all=off uptime,level,tags foldmultilines=false

Environment Variables:
PATH=C:\Program Files (x86)\VMware\VMware Player\bin\;C:\Program Files\Common Files\Oracle\Java\javapath;C:\Windows\system32;C:\Windows;C:\Windows\System32\Wbem;C:\Windows\System32\WindowsPowerShell\v1.0\;C:\Windows\System32\OpenSSH\;C:\Program Files (x86)\NVIDIA Corporation\PhysX\Common;C:\Program Files\NVIDIA Corporation\NVIDIA NvDLISR;C:\msys64\mingw64\bin;C:\WINDOWS\system32;C:\WINDOWS;C:\WINDOWS\System32\Wbem;C:\WINDOWS\System32\WindowsPowerShell\v1.0\;C:\WINDOWS\System32\OpenSSH\;C:\Program Files\dotnet\;C:\Program Files\Java\jdk-19\bin;C:\Program Files\MySQL\MySQL Shell 8.0\bin\;C:\Users\BAISAMPAYAN\AppData\Local\Programs\Python\Python310\Scripts\;C:\Users\BAISAMPAYAN\AppData\Local\Programs\Python\Python310\;C:\Users\BAISAMPAYAN\AppData\Local\Programs\Python\Launcher\;C:\Users\BAISAMPAYAN\AppData\Local\Microsoft\WindowsApps;C:\Users\BAISAMPAYAN\AppData\Local\Programs\Microsoft VS Code\bin;C:\Program Files\JetBrains\PyCharm Community Edition 2022.1.3\bin;;C:\Program Files\JetBrains\IntelliJ IDEA Community Edition 2022.1.4\bin;;
USERNAME=BAISAMPAYAN
OS=Windows_NT
PROCESSOR_IDENTIFIER=Intel64 Family 6 Model 165 Stepping 2, GenuineIntel
TMP=C:\Users\BAISAM~1\AppData\Local\Temp
TEMP=C:\Users\BAISAM~1\AppData\Local\Temp



---------------  S Y S T E M  ---------------

OS:
 Windows 11 , 64 bit Build 22621 (10.0.22621.1928)
OS uptime: 0 days 1:40 hours
Hyper-V role detected

CPU: total 8 (initial active 8) (4 cores per cpu, 2 threads per core) family 6 model 165 stepping 2 microcode 0xe0, cx8, cmov, fxsr, ht, mmx, 3dnowpref, sse, sse2, sse3, ssse3, sse4.1, sse4.2, popcnt, lzcnt, tsc, tscinvbit, avx, avx2, aes, erms, clmul, bmi1, bmi2, adx, fma, vzeroupper, clflush, clflushopt, hv, rdtscp

Memory: 4k page, system-wide physical 8029M (295M free)
TotalPageFile size 32605M (AvailPageFile size 438M)
current process WorkingSet (physical memory assigned to process): 36M, peak: 73M
current process commit charge ("private bytes"): 223M, peak: 224M

vm_info: Java HotSpot(TM) 64-Bit Server VM (19.0.2+7-44) for windows-amd64 JRE (19.0.2+7-44), built on 2022-11-30T18:02:09Z by "mach5one" with MS VC++ 17.1 (VS2022)

END.
