#
# There is insufficient memory for the Java Runtime Environment to continue.
# Native memory allocation (malloc) failed to allocate 32744 bytes for Chunk::new
# Possible reasons:
#   The system is out of physical RAM or swap space
#   The process is running with CompressedOops enabled, and the Java Heap may be blocking the growth of the native heap
# Possible solutions:
#   Reduce memory load on the system
#   Increase physical memory or swap space
#   Check if swap backing store is full
#   Decrease Java heap size (-Xmx/-Xms)
#   Decrease number of Java threads
#   Decrease Java thread stack sizes (-Xss)
#   Set larger code cache with -XX:ReservedCodeCacheSize=
#   JVM is running with Unscaled Compressed Oops mode in which the Java heap is
#     placed in the first 4GB address space. The Java Heap base address is the
#     maximum limit for the native heap growth. Please use -XX:HeapBaseMinAddress
#     to set the Java Heap base and to place the Java Heap above 4GB virtual address.
# This output file may be truncated or incomplete.
#
#  Out of Memory Error (arena.cpp:184), pid=1540, tid=24972
#
# JRE version: Java(TM) SE Runtime Environment (19.0.2+7) (build 19.0.2+7-44)
# Java VM: Java HotSpot(TM) 64-Bit Server VM (19.0.2+7-44, mixed mode, sharing, tiered, compressed oops, compressed class ptrs, g1 gc, windows-amd64)
# No core dump will be written. Minidumps are not enabled by default on client versions of Windows
#

---------------  S U M M A R Y ------------

Command Line: -Dfile.encoding=UTF-8 -XX:+ShowCodeDetailsInExceptionMessages banking.SignupThree

Host: Intel(R) Core(TM) i5-10300H CPU @ 2.50GHz, 8 cores, 7G,  Windows 11 , 64 bit Build 22621 (10.0.22621.1928)
Time: Mon Jul  3 05:25:31 2023 India Standard Time elapsed time: 1612.356884 seconds (0d 0h 26m 52s)

---------------  T H R E A D  ---------------

Current thread (0x00000287fe51c450):  JavaThread "C2 CompilerThread0" daemon [_thread_in_native, id=24972, stack(0x000000922a700000,0x000000922a800000)]


Current CompileTask:
C2:1612357 1112       4       sun.java2d.loops.GraphicsPrimitiveMgr::locate (104 bytes)

Stack: [0x000000922a700000,0x000000922a800000]
Native frames: (J=compiled Java code, j=interpreted, Vv=VM code, C=native code)
V  [jvm.dll+0x6ee21a]
V  [jvm.dll+0x85765e]
V  [jvm.dll+0x85904e]
V  [jvm.dll+0x859703]
V  [jvm.dll+0x28298f]
V  [jvm.dll+0xc9adf]
V  [jvm.dll+0xc9e65]
V  [jvm.dll+0x679f4e]
V  [jvm.dll+0x67a0ef]
V  [jvm.dll+0x67a0ef]
V  [jvm.dll+0x67a0ef]
V  [jvm.dll+0x67fbfc]
V  [jvm.dll+0x680c0c]
V  [jvm.dll+0x67f064]
V  [jvm.dll+0x24c25e]
V  [jvm.dll+0x24b781]
V  [jvm.dll+0x1d6ce1]
V  [jvm.dll+0x25b25a]
V  [jvm.dll+0x2596e8]
V  [jvm.dll+0x807588]
V  [jvm.dll+0x80125a]
V  [jvm.dll+0x6ecf0b]
C  [ucrtbase.dll+0x29363]
C  [KERNEL32.DLL+0x126ad]
C  [ntdll.dll+0x5aa68]


---------------  P R O C E S S  ---------------

Threads class SMR info:
_java_thread_list=0x00000287ff5c69a0, length=16, elements={
0x00000287fe504290, 0x00000287fe504f60, 0x00000287fe507fa0, 0x00000287fe50ea00,
0x00000287fe50f4d0, 0x00000287fe512900, 0x00000287fe51c450, 0x00000287fe51cf60,
0x00000287fe52ad50, 0x00000287fe52b7f0, 0x00000287fe529d60, 0x00000287fe52a2b0,
0x00000287fe52c7e0, 0x00000287fe52bd40, 0x00000287fe52c290, 0x00000287fe52b2a0
}

Java Threads: ( => current thread )
  0x00000287fe504290 JavaThread "Reference Handler" daemon [_thread_blocked, id=24096, stack(0x000000922a100000,0x000000922a200000)]
  0x00000287fe504f60 JavaThread "Finalizer" daemon [_thread_blocked, id=24656, stack(0x000000922a200000,0x000000922a300000)]
  0x00000287fe507fa0 JavaThread "Signal Dispatcher" daemon [_thread_blocked, id=25040, stack(0x000000922a300000,0x000000922a400000)]
  0x00000287fe50ea00 JavaThread "Attach Listener" daemon [_thread_blocked, id=23964, stack(0x000000922a400000,0x000000922a500000)]
  0x00000287fe50f4d0 JavaThread "Service Thread" daemon [_thread_blocked, id=22116, stack(0x000000922a500000,0x000000922a600000)]
  0x00000287fe512900 JavaThread "Monitor Deflation Thread" daemon [_thread_blocked, id=23348, stack(0x000000922a600000,0x000000922a700000)]
=>0x00000287fe51c450 JavaThread "C2 CompilerThread0" daemon [_thread_in_native, id=24972, stack(0x000000922a700000,0x000000922a800000)]
  0x00000287fe51cf60 JavaThread "C1 CompilerThread0" daemon [_thread_blocked, id=24968, stack(0x000000922a800000,0x000000922a900000)]
  0x00000287fe52ad50 JavaThread "Sweeper thread" daemon [_thread_blocked, id=24976, stack(0x000000922a900000,0x000000922aa00000)]
  0x00000287fe52b7f0 JavaThread "Notification Thread" daemon [_thread_blocked, id=24980, stack(0x000000922aa00000,0x000000922ab00000)]
  0x00000287fe529d60 JavaThread "Common-Cleaner" daemon [_thread_blocked, id=25236, stack(0x000000922ac00000,0x000000922ad00000)]
  0x00000287fe52a2b0 JavaThread "Java2D Disposer" daemon [_thread_blocked, id=24984, stack(0x000000922ad00000,0x000000922ae00000)]
  0x00000287fe52c7e0 JavaThread "AWT-Shutdown" [_thread_blocked, id=22804, stack(0x000000922ae00000,0x000000922af00000)]
  0x00000287fe52bd40 JavaThread "AWT-Windows" daemon [_thread_in_native, id=25276, stack(0x000000922af00000,0x000000922b000000)]
  0x00000287fe52c290 JavaThread "AWT-EventQueue-0" [_thread_blocked, id=23992, stack(0x000000922b000000,0x000000922b100000)]
  0x00000287fe52b2a0 JavaThread "DestroyJavaVM" [_thread_blocked, id=25356, stack(0x0000009229a00000,0x0000009229b00000)]

Other Threads:
  0x00000287fe4ea820 VMThread "VM Thread" [stack: 0x000000922a000000,0x000000922a100000] [id=23048]
  0x00000287fe750e00 WatcherThread "VM Periodic Task Thread" [stack: 0x000000922ab00000,0x000000922ac00000] [id=23096]
  0x00000287eee187c0 WorkerThread "GC Thread#0" [stack: 0x0000009229b00000,0x0000009229c00000] [id=25072]
  0x00000287eee29cc0 ConcurrentGCThread "G1 Main Marker" [stack: 0x0000009229c00000,0x0000009229d00000] [id=24228]
  0x00000287eee2a6f0 WorkerThread "G1 Conc#0" [stack: 0x0000009229d00000,0x0000009229e00000] [id=24784]
  0x00000287eee7e5e0 ConcurrentGCThread "G1 Refine#0" [stack: 0x0000009229e00000,0x0000009229f00000] [id=22720]
  0x00000287fe3a12a0 ConcurrentGCThread "G1 Service" [stack: 0x0000009229f00000,0x000000922a000000] [id=23104]

Threads with active compile tasks:
C2 CompilerThread0  1612386 1112       4       sun.java2d.loops.GraphicsPrimitiveMgr::locate (104 bytes)

VM state: not at safepoint (normal execution)

VM Mutex/Monitor currently owned by a thread: None

Heap address: 0x0000000082800000, size: 2008 MB, Compressed Oops mode: 32-bit

CDS archive(s) mapped at: [0x0000000800000000-0x0000000800c40000-0x0000000800c40000), size 12845056, SharedBaseAddress: 0x0000000800000000, ArchiveRelocationMode: 0.
Compressed class space mapped at: 0x0000000801000000-0x0000000841000000, reserved size: 1073741824
Narrow klass base: 0x0000000800000000, Narrow klass shift: 0, Narrow klass range: 0x100000000

GC Precious Log:
 CardTable entry size: 512
 Card Set container configuration: InlinePtr #cards 5 size 8 Array Of Cards #cards 12 size 40 Howl #buckets 4 coarsen threshold 1843 Howl Bitmap #cards 512 size 80 coarsen threshold 460 Card regions per heap region 1 cards per card region 2048
 CPUs: 8 total, 8 available
 Memory: 8029M
 Large Page Support: Disabled
 NUMA Support: Disabled
 Compressed Oops: Enabled (32-bit)
 Heap Region Size: 1M
 Heap Min Capacity: 8M
 Heap Initial Capacity: 126M
 Heap Max Capacity: 2008M
 Pre-touch: Disabled
 Parallel Workers: 8
 Concurrent Workers: 2
 Concurrent Refinement Workers: 8
 Periodic GC: Disabled

Heap:
 garbage-first heap   total 129024K, used 18432K [0x0000000082800000, 0x0000000100000000)
  region size 1024K, 15 young (15360K), 0 survivors (0K)
 Metaspace       used 7232K, committed 7488K, reserved 1114112K
  class space    used 751K, committed 896K, reserved 1048576K

Heap Regions: E=young(eden), S=young(survivor), O=old, HS=humongous(starts), HC=humongous(continues), CS=collection set, F=free, OA=open archive, CA=closed archive, TAMS=top-at-mark-start (previous, next)
|   0|0x0000000082800000, 0x0000000082900000, 0x0000000082900000|100%|HS|  |TAMS 0x0000000082800000, 0x0000000082800000| Complete 
|   1|0x0000000082900000, 0x0000000082a00000, 0x0000000082a00000|100%|HC|  |TAMS 0x0000000082900000, 0x0000000082900000| Complete 
|   2|0x0000000082a00000, 0x0000000082b00000, 0x0000000082b00000|100%|HC|  |TAMS 0x0000000082a00000, 0x0000000082a00000| Complete 
|   3|0x0000000082b00000, 0x0000000082c00000, 0x0000000082c00000|100%|HC|  |TAMS 0x0000000082b00000, 0x0000000082b00000| Complete 
|   4|0x0000000082c00000, 0x0000000082c00000, 0x0000000082d00000|  0%| F|  |TAMS 0x0000000082c00000, 0x0000000082c00000| Untracked 
|   5|0x0000000082d00000, 0x0000000082d00000, 0x0000000082e00000|  0%| F|  |TAMS 0x0000000082d00000, 0x0000000082d00000| Untracked 
|   6|0x0000000082e00000, 0x0000000082e00000, 0x0000000082f00000|  0%| F|  |TAMS 0x0000000082e00000, 0x0000000082e00000| Untracked 
|   7|0x0000000082f00000, 0x0000000082f00000, 0x0000000083000000|  0%| F|  |TAMS 0x0000000082f00000, 0x0000000082f00000| Untracked 
|   8|0x0000000083000000, 0x0000000083000000, 0x0000000083100000|  0%| F|  |TAMS 0x0000000083000000, 0x0000000083000000| Untracked 
|   9|0x0000000083100000, 0x0000000083100000, 0x0000000083200000|  0%| F|  |TAMS 0x0000000083100000, 0x0000000083100000| Untracked 
|  10|0x0000000083200000, 0x0000000083200000, 0x0000000083300000|  0%| F|  |TAMS 0x0000000083200000, 0x0000000083200000| Untracked 
|  11|0x0000000083300000, 0x0000000083300000, 0x0000000083400000|  0%| F|  |TAMS 0x0000000083300000, 0x0000000083300000| Untracked 
|  12|0x0000000083400000, 0x0000000083400000, 0x0000000083500000|  0%| F|  |TAMS 0x0000000083400000, 0x0000000083400000| Untracked 
|  13|0x0000000083500000, 0x0000000083500000, 0x0000000083600000|  0%| F|  |TAMS 0x0000000083500000, 0x0000000083500000| Untracked 
|  14|0x0000000083600000, 0x0000000083600000, 0x0000000083700000|  0%| F|  |TAMS 0x0000000083600000, 0x0000000083600000| Untracked 
|  15|0x0000000083700000, 0x0000000083700000, 0x0000000083800000|  0%| F|  |TAMS 0x0000000083700000, 0x0000000083700000| Untracked 
|  16|0x0000000083800000, 0x0000000083800000, 0x0000000083900000|  0%| F|  |TAMS 0x0000000083800000, 0x0000000083800000| Untracked 
|  17|0x0000000083900000, 0x0000000083900000, 0x0000000083a00000|  0%| F|  |TAMS 0x0000000083900000, 0x0000000083900000| Untracked 
|  18|0x0000000083a00000, 0x0000000083a00000, 0x0000000083b00000|  0%| F|  |TAMS 0x0000000083a00000, 0x0000000083a00000| Untracked 
|  19|0x0000000083b00000, 0x0000000083b00000, 0x0000000083c00000|  0%| F|  |TAMS 0x0000000083b00000, 0x0000000083b00000| Untracked 
|  20|0x0000000083c00000, 0x0000000083c00000, 0x0000000083d00000|  0%| F|  |TAMS 0x0000000083c00000, 0x0000000083c00000| Untracked 
|  21|0x0000000083d00000, 0x0000000083d00000, 0x0000000083e00000|  0%| F|  |TAMS 0x0000000083d00000, 0x0000000083d00000| Untracked 
|  22|0x0000000083e00000, 0x0000000083e00000, 0x0000000083f00000|  0%| F|  |TAMS 0x0000000083e00000, 0x0000000083e00000| Untracked 
|  23|0x0000000083f00000, 0x0000000083f00000, 0x0000000084000000|  0%| F|  |TAMS 0x0000000083f00000, 0x0000000083f00000| Untracked 
|  24|0x0000000084000000, 0x0000000084000000, 0x0000000084100000|  0%| F|  |TAMS 0x0000000084000000, 0x0000000084000000| Untracked 
|  25|0x0000000084100000, 0x0000000084100000, 0x0000000084200000|  0%| F|  |TAMS 0x0000000084100000, 0x0000000084100000| Untracked 
|  26|0x0000000084200000, 0x0000000084200000, 0x0000000084300000|  0%| F|  |TAMS 0x0000000084200000, 0x0000000084200000| Untracked 
|  27|0x0000000084300000, 0x0000000084300000, 0x0000000084400000|  0%| F|  |TAMS 0x0000000084300000, 0x0000000084300000| Untracked 
|  28|0x0000000084400000, 0x0000000084400000, 0x0000000084500000|  0%| F|  |TAMS 0x0000000084400000, 0x0000000084400000| Untracked 
|  29|0x0000000084500000, 0x0000000084500000, 0x0000000084600000|  0%| F|  |TAMS 0x0000000084500000, 0x0000000084500000| Untracked 
|  30|0x0000000084600000, 0x0000000084600000, 0x0000000084700000|  0%| F|  |TAMS 0x0000000084600000, 0x0000000084600000| Untracked 
|  31|0x0000000084700000, 0x0000000084700000, 0x0000000084800000|  0%| F|  |TAMS 0x0000000084700000, 0x0000000084700000| Untracked 
|  32|0x0000000084800000, 0x0000000084800000, 0x0000000084900000|  0%| F|  |TAMS 0x0000000084800000, 0x0000000084800000| Untracked 
|  33|0x0000000084900000, 0x0000000084900000, 0x0000000084a00000|  0%| F|  |TAMS 0x0000000084900000, 0x0000000084900000| Untracked 
|  34|0x0000000084a00000, 0x0000000084a00000, 0x0000000084b00000|  0%| F|  |TAMS 0x0000000084a00000, 0x0000000084a00000| Untracked 
|  35|0x0000000084b00000, 0x0000000084b00000, 0x0000000084c00000|  0%| F|  |TAMS 0x0000000084b00000, 0x0000000084b00000| Untracked 
|  36|0x0000000084c00000, 0x0000000084c00000, 0x0000000084d00000|  0%| F|  |TAMS 0x0000000084c00000, 0x0000000084c00000| Untracked 
|  37|0x0000000084d00000, 0x0000000084d00000, 0x0000000084e00000|  0%| F|  |TAMS 0x0000000084d00000, 0x0000000084d00000| Untracked 
|  38|0x0000000084e00000, 0x0000000084e00000, 0x0000000084f00000|  0%| F|  |TAMS 0x0000000084e00000, 0x0000000084e00000| Untracked 
|  39|0x0000000084f00000, 0x0000000084f00000, 0x0000000085000000|  0%| F|  |TAMS 0x0000000084f00000, 0x0000000084f00000| Untracked 
|  40|0x0000000085000000, 0x0000000085000000, 0x0000000085100000|  0%| F|  |TAMS 0x0000000085000000, 0x0000000085000000| Untracked 
|  41|0x0000000085100000, 0x0000000085100000, 0x0000000085200000|  0%| F|  |TAMS 0x0000000085100000, 0x0000000085100000| Untracked 
|  42|0x0000000085200000, 0x0000000085200000, 0x0000000085300000|  0%| F|  |TAMS 0x0000000085200000, 0x0000000085200000| Untracked 
|  43|0x0000000085300000, 0x0000000085300000, 0x0000000085400000|  0%| F|  |TAMS 0x0000000085300000, 0x0000000085300000| Untracked 
|  44|0x0000000085400000, 0x0000000085400000, 0x0000000085500000|  0%| F|  |TAMS 0x0000000085400000, 0x0000000085400000| Untracked 
|  45|0x0000000085500000, 0x0000000085500000, 0x0000000085600000|  0%| F|  |TAMS 0x0000000085500000, 0x0000000085500000| Untracked 
|  46|0x0000000085600000, 0x0000000085600000, 0x0000000085700000|  0%| F|  |TAMS 0x0000000085600000, 0x0000000085600000| Untracked 
|  47|0x0000000085700000, 0x0000000085700000, 0x0000000085800000|  0%| F|  |TAMS 0x0000000085700000, 0x0000000085700000| Untracked 
|  48|0x0000000085800000, 0x0000000085800000, 0x0000000085900000|  0%| F|  |TAMS 0x0000000085800000, 0x0000000085800000| Untracked 
|  49|0x0000000085900000, 0x0000000085900000, 0x0000000085a00000|  0%| F|  |TAMS 0x0000000085900000, 0x0000000085900000| Untracked 
|  50|0x0000000085a00000, 0x0000000085a00000, 0x0000000085b00000|  0%| F|  |TAMS 0x0000000085a00000, 0x0000000085a00000| Untracked 
|  51|0x0000000085b00000, 0x0000000085b00000, 0x0000000085c00000|  0%| F|  |TAMS 0x0000000085b00000, 0x0000000085b00000| Untracked 
|  52|0x0000000085c00000, 0x0000000085c00000, 0x0000000085d00000|  0%| F|  |TAMS 0x0000000085c00000, 0x0000000085c00000| Untracked 
|  53|0x0000000085d00000, 0x0000000085d00000, 0x0000000085e00000|  0%| F|  |TAMS 0x0000000085d00000, 0x0000000085d00000| Untracked 
|  54|0x0000000085e00000, 0x0000000085e00000, 0x0000000085f00000|  0%| F|  |TAMS 0x0000000085e00000, 0x0000000085e00000| Untracked 
|  55|0x0000000085f00000, 0x0000000085f00000, 0x0000000086000000|  0%| F|  |TAMS 0x0000000085f00000, 0x0000000085f00000| Untracked 
|  56|0x0000000086000000, 0x0000000086000000, 0x0000000086100000|  0%| F|  |TAMS 0x0000000086000000, 0x0000000086000000| Untracked 
|  57|0x0000000086100000, 0x0000000086100000, 0x0000000086200000|  0%| F|  |TAMS 0x0000000086100000, 0x0000000086100000| Untracked 
|  58|0x0000000086200000, 0x0000000086200000, 0x0000000086300000|  0%| F|  |TAMS 0x0000000086200000, 0x0000000086200000| Untracked 
|  59|0x0000000086300000, 0x0000000086300000, 0x0000000086400000|  0%| F|  |TAMS 0x0000000086300000, 0x0000000086300000| Untracked 
|  60|0x0000000086400000, 0x0000000086400000, 0x0000000086500000|  0%| F|  |TAMS 0x0000000086400000, 0x0000000086400000| Untracked 
|  61|0x0000000086500000, 0x0000000086500000, 0x0000000086600000|  0%| F|  |TAMS 0x0000000086500000, 0x0000000086500000| Untracked 
|  62|0x0000000086600000, 0x0000000086600000, 0x0000000086700000|  0%| F|  |TAMS 0x0000000086600000, 0x0000000086600000| Untracked 
|  63|0x0000000086700000, 0x0000000086700000, 0x0000000086800000|  0%| F|  |TAMS 0x0000000086700000, 0x0000000086700000| Untracked 
|  64|0x0000000086800000, 0x0000000086800000, 0x0000000086900000|  0%| F|  |TAMS 0x0000000086800000, 0x0000000086800000| Untracked 
|  65|0x0000000086900000, 0x0000000086900000, 0x0000000086a00000|  0%| F|  |TAMS 0x0000000086900000, 0x0000000086900000| Untracked 
|  66|0x0000000086a00000, 0x0000000086a00000, 0x0000000086b00000|  0%| F|  |TAMS 0x0000000086a00000, 0x0000000086a00000| Untracked 
|  67|0x0000000086b00000, 0x0000000086b00000, 0x0000000086c00000|  0%| F|  |TAMS 0x0000000086b00000, 0x0000000086b00000| Untracked 
|  68|0x0000000086c00000, 0x0000000086c00000, 0x0000000086d00000|  0%| F|  |TAMS 0x0000000086c00000, 0x0000000086c00000| Untracked 
|  69|0x0000000086d00000, 0x0000000086d00000, 0x0000000086e00000|  0%| F|  |TAMS 0x0000000086d00000, 0x0000000086d00000| Untracked 
|  70|0x0000000086e00000, 0x0000000086e00000, 0x0000000086f00000|  0%| F|  |TAMS 0x0000000086e00000, 0x0000000086e00000| Untracked 
|  71|0x0000000086f00000, 0x0000000086f00000, 0x0000000087000000|  0%| F|  |TAMS 0x0000000086f00000, 0x0000000086f00000| Untracked 
|  72|0x0000000087000000, 0x0000000087000000, 0x0000000087100000|  0%| F|  |TAMS 0x0000000087000000, 0x0000000087000000| Untracked 
|  73|0x0000000087100000, 0x0000000087100000, 0x0000000087200000|  0%| F|  |TAMS 0x0000000087100000, 0x0000000087100000| Untracked 
|  74|0x0000000087200000, 0x0000000087200000, 0x0000000087300000|  0%| F|  |TAMS 0x0000000087200000, 0x0000000087200000| Untracked 
|  75|0x0000000087300000, 0x0000000087300000, 0x0000000087400000|  0%| F|  |TAMS 0x0000000087300000, 0x0000000087300000| Untracked 
|  76|0x0000000087400000, 0x0000000087400000, 0x0000000087500000|  0%| F|  |TAMS 0x0000000087400000, 0x0000000087400000| Untracked 
|  77|0x0000000087500000, 0x0000000087500000, 0x0000000087600000|  0%| F|  |TAMS 0x0000000087500000, 0x0000000087500000| Untracked 
|  78|0x0000000087600000, 0x0000000087600000, 0x0000000087700000|  0%| F|  |TAMS 0x0000000087600000, 0x0000000087600000| Untracked 
|  79|0x0000000087700000, 0x0000000087700000, 0x0000000087800000|  0%| F|  |TAMS 0x0000000087700000, 0x0000000087700000| Untracked 
|  80|0x0000000087800000, 0x0000000087800000, 0x0000000087900000|  0%| F|  |TAMS 0x0000000087800000, 0x0000000087800000| Untracked 
|  81|0x0000000087900000, 0x0000000087900000, 0x0000000087a00000|  0%| F|  |TAMS 0x0000000087900000, 0x0000000087900000| Untracked 
|  82|0x0000000087a00000, 0x0000000087a00000, 0x0000000087b00000|  0%| F|  |TAMS 0x0000000087a00000, 0x0000000087a00000| Untracked 
|  83|0x0000000087b00000, 0x0000000087b00000, 0x0000000087c00000|  0%| F|  |TAMS 0x0000000087b00000, 0x0000000087b00000| Untracked 
|  84|0x0000000087c00000, 0x0000000087c00000, 0x0000000087d00000|  0%| F|  |TAMS 0x0000000087c00000, 0x0000000087c00000| Untracked 
|  85|0x0000000087d00000, 0x0000000087d00000, 0x0000000087e00000|  0%| F|  |TAMS 0x0000000087d00000, 0x0000000087d00000| Untracked 
|  86|0x0000000087e00000, 0x0000000087e00000, 0x0000000087f00000|  0%| F|  |TAMS 0x0000000087e00000, 0x0000000087e00000| Untracked 
|  87|0x0000000087f00000, 0x0000000087f00000, 0x0000000088000000|  0%| F|  |TAMS 0x0000000087f00000, 0x0000000087f00000| Untracked 
|  88|0x0000000088000000, 0x0000000088000000, 0x0000000088100000|  0%| F|  |TAMS 0x0000000088000000, 0x0000000088000000| Untracked 
|  89|0x0000000088100000, 0x0000000088100000, 0x0000000088200000|  0%| F|  |TAMS 0x0000000088100000, 0x0000000088100000| Untracked 
|  90|0x0000000088200000, 0x0000000088200000, 0x0000000088300000|  0%| F|  |TAMS 0x0000000088200000, 0x0000000088200000| Untracked 
|  91|0x0000000088300000, 0x0000000088300000, 0x0000000088400000|  0%| F|  |TAMS 0x0000000088300000, 0x0000000088300000| Untracked 
|  92|0x0000000088400000, 0x0000000088400000, 0x0000000088500000|  0%| F|  |TAMS 0x0000000088400000, 0x0000000088400000| Untracked 
|  93|0x0000000088500000, 0x0000000088500000, 0x0000000088600000|  0%| F|  |TAMS 0x0000000088500000, 0x0000000088500000| Untracked 
|  94|0x0000000088600000, 0x0000000088600000, 0x0000000088700000|  0%| F|  |TAMS 0x0000000088600000, 0x0000000088600000| Untracked 
|  95|0x0000000088700000, 0x0000000088700000, 0x0000000088800000|  0%| F|  |TAMS 0x0000000088700000, 0x0000000088700000| Untracked 
|  96|0x0000000088800000, 0x0000000088800000, 0x0000000088900000|  0%| F|  |TAMS 0x0000000088800000, 0x0000000088800000| Untracked 
|  97|0x0000000088900000, 0x0000000088900000, 0x0000000088a00000|  0%| F|  |TAMS 0x0000000088900000, 0x0000000088900000| Untracked 
|  98|0x0000000088a00000, 0x0000000088a00000, 0x0000000088b00000|  0%| F|  |TAMS 0x0000000088a00000, 0x0000000088a00000| Untracked 
|  99|0x0000000088b00000, 0x0000000088b00000, 0x0000000088c00000|  0%| F|  |TAMS 0x0000000088b00000, 0x0000000088b00000| Untracked 
| 100|0x0000000088c00000, 0x0000000088c00000, 0x0000000088d00000|  0%| F|  |TAMS 0x0000000088c00000, 0x0000000088c00000| Untracked 
| 101|0x0000000088d00000, 0x0000000088d00000, 0x0000000088e00000|  0%| F|  |TAMS 0x0000000088d00000, 0x0000000088d00000| Untracked 
| 102|0x0000000088e00000, 0x0000000088e00000, 0x0000000088f00000|  0%| F|  |TAMS 0x0000000088e00000, 0x0000000088e00000| Untracked 
| 103|0x0000000088f00000, 0x0000000088f00000, 0x0000000089000000|  0%| F|  |TAMS 0x0000000088f00000, 0x0000000088f00000| Untracked 
| 104|0x0000000089000000, 0x0000000089000000, 0x0000000089100000|  0%| F|  |TAMS 0x0000000089000000, 0x0000000089000000| Untracked 
| 105|0x0000000089100000, 0x0000000089100000, 0x0000000089200000|  0%| F|  |TAMS 0x0000000089100000, 0x0000000089100000| Untracked 
| 106|0x0000000089200000, 0x0000000089200000, 0x0000000089300000|  0%| F|  |TAMS 0x0000000089200000, 0x0000000089200000| Untracked 
| 107|0x0000000089300000, 0x0000000089300000, 0x0000000089400000|  0%| F|  |TAMS 0x0000000089300000, 0x0000000089300000| Untracked 
| 108|0x0000000089400000, 0x0000000089400000, 0x0000000089500000|  0%| F|  |TAMS 0x0000000089400000, 0x0000000089400000| Untracked 
| 109|0x0000000089500000, 0x0000000089500000, 0x0000000089600000|  0%| F|  |TAMS 0x0000000089500000, 0x0000000089500000| Untracked 
| 110|0x0000000089600000, 0x0000000089600000, 0x0000000089700000|  0%| F|  |TAMS 0x0000000089600000, 0x0000000089600000| Untracked 
| 111|0x0000000089700000, 0x00000000897fc780, 0x0000000089800000| 98%| E|  |TAMS 0x0000000089700000, 0x0000000089700000| Complete 
| 112|0x0000000089800000, 0x0000000089900000, 0x0000000089900000|100%| E|CS|TAMS 0x0000000089800000, 0x0000000089800000| Complete 
| 113|0x0000000089900000, 0x0000000089a00000, 0x0000000089a00000|100%| E|CS|TAMS 0x0000000089900000, 0x0000000089900000| Complete 
| 114|0x0000000089a00000, 0x0000000089b00000, 0x0000000089b00000|100%| E|CS|TAMS 0x0000000089a00000, 0x0000000089a00000| Complete 
| 115|0x0000000089b00000, 0x0000000089c00000, 0x0000000089c00000|100%| E|CS|TAMS 0x0000000089b00000, 0x0000000089b00000| Complete 
| 116|0x0000000089c00000, 0x0000000089d00000, 0x0000000089d00000|100%| E|CS|TAMS 0x0000000089c00000, 0x0000000089c00000| Complete 
| 117|0x0000000089d00000, 0x0000000089e00000, 0x0000000089e00000|100%| E|CS|TAMS 0x0000000089d00000, 0x0000000089d00000| Complete 
| 118|0x0000000089e00000, 0x0000000089f00000, 0x0000000089f00000|100%| E|CS|TAMS 0x0000000089e00000, 0x0000000089e00000| Complete 
| 119|0x0000000089f00000, 0x000000008a000000, 0x000000008a000000|100%| E|CS|TAMS 0x0000000089f00000, 0x0000000089f00000| Complete 
| 120|0x000000008a000000, 0x000000008a100000, 0x000000008a100000|100%| E|CS|TAMS 0x000000008a000000, 0x000000008a000000| Complete 
| 121|0x000000008a100000, 0x000000008a200000, 0x000000008a200000|100%| E|CS|TAMS 0x000000008a100000, 0x000000008a100000| Complete 
| 122|0x000000008a200000, 0x000000008a300000, 0x000000008a300000|100%| E|CS|TAMS 0x000000008a200000, 0x000000008a200000| Complete 
| 123|0x000000008a300000, 0x000000008a400000, 0x000000008a400000|100%| E|CS|TAMS 0x000000008a300000, 0x000000008a300000| Complete 
| 124|0x000000008a400000, 0x000000008a500000, 0x000000008a500000|100%| E|CS|TAMS 0x000000008a400000, 0x000000008a400000| Complete 
| 125|0x000000008a500000, 0x000000008a600000, 0x000000008a600000|100%| E|CS|TAMS 0x000000008a500000, 0x000000008a500000| Complete 

Card table byte_map: [0x00000287f7440000,0x00000287f7830000] _byte_map_base: 0x00000287f702c000

Marking Bits (Prev, Next): (CMBitMap*) 0x00000287eee18df0, (CMBitMap*) 0x00000287eee18e30
 Prev Bits: [0x00000287f7c20000, 0x00000287f9b80000)
 Next Bits: [0x00000287f9b80000, 0x00000287fbae0000)

Polling page: 0x00000287ecd80000

Metaspace:

Usage:
  Non-class:      6.33 MB used.
      Class:    751.27 KB used.
       Both:      7.06 MB used.

Virtual space:
  Non-class space:       64.00 MB reserved,       6.44 MB ( 10%) committed,  1 nodes.
      Class space:        1.00 GB reserved,     896.00 KB ( <1%) committed,  1 nodes.
             Both:        1.06 GB reserved,       7.31 MB ( <1%) committed. 

Chunk freelists:
   Non-Class:  1.00 MB
       Class:  3.11 MB
        Both:  4.11 MB

MaxMetaspaceSize: unlimited
CompressedClassSpaceSize: 1.00 GB
Initial GC threshold: 21.00 MB
Current GC threshold: 21.00 MB
CDS: on
MetaspaceReclaimPolicy: balanced
 - commit_granule_bytes: 65536.
 - commit_granule_words: 8192.
 - virtual_space_node_default_size: 8388608.
 - enlarge_chunks_in_place: 1.
 - new_chunks_are_fully_committed: 0.
 - uncommit_free_chunks: 1.
 - use_allocation_guard: 0.


Internal statistics:

num_allocs_failed_limit: 0.
num_arena_births: 142.
num_arena_deaths: 0.
num_vsnodes_births: 2.
num_vsnodes_deaths: 0.
num_space_committed: 117.
num_space_uncommitted: 0.
num_chunks_returned_to_freelist: 0.
num_chunks_taken_from_freelist: 156.
num_chunk_merges: 0.
num_chunk_splits: 106.
num_chunks_enlarged: 70.
num_inconsistent_stats: 0.

CodeHeap 'non-profiled nmethods': size=120000Kb used=295Kb max_used=295Kb free=119705Kb
 bounds [0x0000028787ad0000, 0x0000028787d40000, 0x000002878f000000]
CodeHeap 'profiled nmethods': size=120000Kb used=1757Kb max_used=1757Kb free=118243Kb
 bounds [0x0000028780000000, 0x0000028780270000, 0x0000028787530000]
CodeHeap 'non-nmethods': size=5760Kb used=1364Kb max_used=1393Kb free=4395Kb
 bounds [0x0000028787530000, 0x00000287877a0000, 0x0000028787ad0000]
 total_blobs=1726 nmethods=1114 adapters=523
 compilation: enabled
              stopped_count=0, restarted_count=0
 full_count=0

Compilation events (20 events):
Event: 2.645 Thread 0x00000287fe51cf60 nmethod 1105 0x00000287801b3710 code [0x00000287801b38c0, 0x00000287801b3af8]
Event: 2.651 Thread 0x00000287fe51cf60 1106       3       java.util.concurrent.locks.ReentrantLock::unlock (10 bytes)
Event: 2.651 Thread 0x00000287fe51cf60 nmethod 1106 0x00000287801b3b90 code [0x00000287801b3d60, 0x00000287801b4038]
Event: 2.668 Thread 0x00000287fe51cf60 1107       3       java.awt.Container::findComponentAtImpl (161 bytes)
Event: 2.669 Thread 0x00000287fe51cf60 nmethod 1107 0x00000287801b4190 code [0x00000287801b4400, 0x00000287801b50c8]
Event: 5.750 Thread 0x00000287fe51cf60 1108   !   3       javax.swing.UIManager::maybeInitialize (36 bytes)
Event: 5.751 Thread 0x00000287fe51cf60 nmethod 1108 0x00000287801b5410 code [0x00000287801b55e0, 0x00000287801b58a8]
Event: 1612.075 Thread 0x00000287fe51cf60 1109       3       java.lang.StringBuilder::append (8 bytes)
Event: 1612.075 Thread 0x00000287fe51cf60 nmethod 1109 0x00000287801b5a90 code [0x00000287801b5c40, 0x00000287801b5d88]
Event: 1612.075 Thread 0x00000287fe51cf60 1110       3       java.lang.AbstractStringBuilder::append (55 bytes)
Event: 1612.076 Thread 0x00000287fe51cf60 nmethod 1110 0x00000287801b5e10 code [0x00000287801b6000, 0x00000287801b6338]
Event: 1612.129 Thread 0x00000287fe51cf60 1111       3       java.util.concurrent.locks.AbstractQueuedSynchronizer::signalNext (34 bytes)
Event: 1612.129 Thread 0x00000287fe51cf60 nmethod 1111 0x00000287801b6490 code [0x00000287801b6680, 0x00000287801b6b28]
Event: 1612.343 Thread 0x00000287fe51cf60 1113       3       java.beans.PropertyChangeEvent::<init> (22 bytes)
Event: 1612.345 Thread 0x00000287fe51cf60 nmethod 1113 0x00000287801b6c90 code [0x00000287801b6e60, 0x00000287801b72a8]
Event: 1612.345 Thread 0x00000287fe51c450 1112       4       sun.java2d.loops.GraphicsPrimitiveMgr::locate (104 bytes)
Event: 1612.345 Thread 0x00000287fe51cf60 1114       1       sun.awt.Win32GraphicsDevice::getDefaultScaleX (5 bytes)
Event: 1612.345 Thread 0x00000287fe51cf60 nmethod 1114 0x0000028787b19610 code [0x0000028787b197a0, 0x0000028787b19878]
Event: 1612.345 Thread 0x00000287fe51cf60 1115       1       sun.awt.Win32GraphicsDevice::getDefaultScaleY (5 bytes)
Event: 1612.345 Thread 0x00000287fe51cf60 nmethod 1115 0x0000028787b19910 code [0x0000028787b19aa0, 0x0000028787b19b78]

GC Heap History (0 events):
No events

Dll operation events (10 events):
Event: 0.010 Loaded shared library C:\Program Files\Java\jdk-19\bin\java.dll
Event: 0.022 Loaded shared library C:\Program Files\Java\jdk-19\bin\jsvml.dll
Event: 0.071 Loaded shared library C:\Program Files\Java\jdk-19\bin\verify.dll
Event: 0.082 Loaded shared library C:\Program Files\Java\jdk-19\bin\jimage.dll
Event: 0.088 Loaded shared library C:\Program Files\Java\jdk-19\bin\net.dll
Event: 0.090 Loaded shared library C:\Program Files\Java\jdk-19\bin\nio.dll
Event: 0.095 Loaded shared library C:\Program Files\Java\jdk-19\bin\zip.dll
Event: 0.112 Loaded shared library C:\Program Files\Java\jdk-19\bin\awt.dll
Event: 0.302 Loaded shared library C:\Program Files\Java\jdk-19\bin\freetype.dll
Event: 0.303 Loaded shared library C:\Program Files\Java\jdk-19\bin\fontmanager.dll

Deoptimization events (20 events):
Event: 0.423 Thread 0x00000287fe52c290 Uncommon trap: trap_request=0xffffff45 fr.pc=0x0000028787afb7fc relative=0x00000000000004bc
Event: 0.423 Thread 0x00000287fe52c290 Uncommon trap: reason=unstable_if action=reinterpret pc=0x0000028787afb7fc method=java.lang.StringLatin1.toLowerCase(Ljava/lang/String;[BLjava/util/Locale;)Ljava/lang/String; @ 43 c2
Event: 0.423 Thread 0x00000287fe52c290 DEOPT PACKING pc=0x0000028787afb7fc sp=0x000000922b0fd150
Event: 0.423 Thread 0x00000287fe52c290 DEOPT UNPACKING pc=0x0000028787596da3 sp=0x000000922b0fd0c0 mode 2
Event: 0.476 Thread 0x00000287fe52c290 DEOPT PACKING pc=0x0000028780016be7 sp=0x000000922b0fcd30
Event: 0.476 Thread 0x00000287fe52c290 DEOPT UNPACKING pc=0x0000028787597543 sp=0x000000922b0fc150 mode 0
Event: 0.557 Thread 0x00000287fe52c290 DEOPT PACKING pc=0x0000028780015f51 sp=0x000000922b0fc740
Event: 0.557 Thread 0x00000287fe52c290 DEOPT UNPACKING pc=0x0000028787597543 sp=0x000000922b0fbbb8 mode 0
Event: 0.631 Thread 0x00000287fe52c290 Uncommon trap: trap_request=0xffffff45 fr.pc=0x0000028787adc9c8 relative=0x00000000000000a8
Event: 0.631 Thread 0x00000287fe52c290 Uncommon trap: reason=unstable_if action=reinterpret pc=0x0000028787adc9c8 method=java.lang.String.hashCode()I @ 20 c2
Event: 0.631 Thread 0x00000287fe52c290 DEOPT PACKING pc=0x0000028787adc9c8 sp=0x000000922b0fcf60
Event: 0.631 Thread 0x00000287fe52c290 DEOPT UNPACKING pc=0x0000028787596da3 sp=0x000000922b0fcef0 mode 2
Event: 0.657 Thread 0x00000287fe52c290 Uncommon trap: trap_request=0xffffff45 fr.pc=0x0000028787b0ba18 relative=0x00000000000003d8
Event: 0.657 Thread 0x00000287fe52c290 Uncommon trap: reason=unstable_if action=reinterpret pc=0x0000028787b0ba18 method=java.lang.Character.isSurrogate(C)Z @ 3 c2
Event: 0.657 Thread 0x00000287fe52c290 DEOPT PACKING pc=0x0000028787b0ba18 sp=0x000000922b0fcc30
Event: 0.657 Thread 0x00000287fe52c290 DEOPT UNPACKING pc=0x0000028787596da3 sp=0x000000922b0fcb48 mode 2
Event: 0.740 Thread 0x00000287fe52c290 Uncommon trap: trap_request=0xffffff45 fr.pc=0x0000028787b11d48 relative=0x0000000000000128
Event: 0.740 Thread 0x00000287fe52c290 Uncommon trap: reason=unstable_if action=reinterpret pc=0x0000028787b11d48 method=java.lang.ThreadLocal$ThreadLocalMap.getEntry(Ljava/lang/ThreadLocal;)Ljava/lang/ThreadLocal$ThreadLocalMap$Entry; @ 21 c2
Event: 0.740 Thread 0x00000287fe52c290 DEOPT PACKING pc=0x0000028787b11d48 sp=0x000000922b0fd410
Event: 0.740 Thread 0x00000287fe52c290 DEOPT UNPACKING pc=0x0000028787596da3 sp=0x000000922b0fd330 mode 2

Classes loaded (20 events):
Event: 2.510 Loading class java/awt/event/AWTEventListenerProxy
Event: 2.510 Loading class java/awt/event/AWTEventListenerProxy done
Event: 2.510 Loading class java/awt/Toolkit$SelectiveAWTEventListener
Event: 2.510 Loading class java/awt/Toolkit$SelectiveAWTEventListener done
Event: 2.510 Loading class java/awt/Toolkit$ToolkitEventMulticaster
Event: 2.510 Loading class java/awt/Toolkit$ToolkitEventMulticaster done
Event: 2.510 Loading class java/awt/event/MouseWheelEvent
Event: 2.510 Loading class java/awt/event/MouseWheelEvent done
Event: 2.684 Loading class java/awt/LightweightDispatcher$2
Event: 2.684 Loading class java/awt/LightweightDispatcher$2 done
Event: 5.733 Loading class java/awt/KeyboardFocusManager$2
Event: 5.733 Loading class java/awt/KeyboardFocusManager$2 done
Event: 5.734 Loading class sun/awt/SunToolkit$1
Event: 5.734 Loading class sun/awt/SunToolkit$1 done
Event: 1612.160 Loading class java/util/WeakHashMap$KeyIterator
Event: 1612.160 Loading class java/util/WeakHashMap$HashIterator
Event: 1612.161 Loading class java/util/WeakHashMap$HashIterator done
Event: 1612.161 Loading class java/util/WeakHashMap$KeyIterator done
Event: 1612.161 Loading class javax/swing/RepaintManager$DisplayChangedRunnable
Event: 1612.162 Loading class javax/swing/RepaintManager$DisplayChangedRunnable done

Classes unloaded (0 events):
No events

Classes redefined (0 events):
No events

Internal exceptions (13 events):
Event: 0.101 Thread 0x00000287eedb6870 Exception <a 'java/lang/ClassNotFoundException'{0x000000008a4ecbd8}: sun/awt/resources/spi/awtProvider> (0x000000008a4ecbd8) 
thrown [s\open\src\hotspot\share\classfile\systemDictionary.cpp, line 255]
Event: 0.125 Thread 0x00000287eedb6870 Exception <a 'java/io/FileNotFoundException'{0x000000008a3461a8}> (0x000000008a3461a8) 
thrown [s\open\src\hotspot\share\prims\jni.cpp, line 517]
Event: 0.133 Thread 0x00000287eedb6870 Exception <a 'java/io/FileNotFoundException'{0x000000008a3726b8}> (0x000000008a3726b8) 
thrown [s\open\src\hotspot\share\prims\jni.cpp, line 517]
Event: 0.173 Thread 0x00000287eedb6870 Exception <a 'java/lang/NoSuchMethodError'{0x000000008a3bcdc0}: 'java.lang.Object java.lang.invoke.DirectMethodHandle$Holder.invokeStaticInit(java.lang.Object)'> (0x000000008a3bcdc0) 
thrown [s\open\src\hotspot\share\interpreter\linkResolver.cpp, line 774]
Event: 0.212 Thread 0x00000287eedb6870 Exception <a 'java/lang/NoSuchMethodError'{0x000000008a29c288}: 'void java.lang.invoke.DirectMethodHandle$Holder.invokeSpecial(java.lang.Object, java.lang.Object, java.lang.Object)'> (0x000000008a29c288) 
thrown [s\open\src\hotspot\share\interpreter\linkResolver.cpp, line 774]
Event: 0.221 Thread 0x00000287eedb6870 Exception <a 'java/lang/NoSuchMethodError'{0x000000008a2c6d90}: 'java.lang.Object java.lang.invoke.DirectMethodHandle$Holder.newInvokeSpecial(java.lang.Object, java.lang.Object, java.lang.Object, java.lang.Object, java.lang.Object)'> (0x000000008a2c6d90) 
thrown [s\open\src\hotspot\share\interpreter\linkResolver.cpp, line 774]
Event: 0.227 Thread 0x00000287eedb6870 Exception <a 'java/lang/NoSuchMethodError'{0x000000008a10c720}: 'java.lang.Object java.lang.invoke.DirectMethodHandle$Holder.invokeStatic(java.lang.Object, int, java.lang.Object)'> (0x000000008a10c720) 
thrown [s\open\src\hotspot\share\interpreter\linkResolver.cpp, line 774]
Event: 0.253 Thread 0x00000287eedb6870 Exception <a 'java/lang/ClassNotFoundException'{0x000000008a1c7fd0}: com/sun/swing/internal/plaf/metal/resources/spi/metalProvider> (0x000000008a1c7fd0) 
thrown [s\open\src\hotspot\share\classfile\systemDictionary.cpp, line 255]
Event: 0.254 Thread 0x00000287eedb6870 Exception <a 'java/lang/ClassNotFoundException'{0x000000008a1cbf30}: com/sun/swing/internal/plaf/basic/resources/spi/basicProvider> (0x000000008a1cbf30) 
thrown [s\open\src\hotspot\share\classfile\systemDictionary.cpp, line 255]
Event: 0.261 Thread 0x00000287eedb6870 Exception <a 'java/lang/NoSuchMethodError'{0x000000008a1ec550}: 'int java.lang.invoke.Invokers$Holder.invokeExact_MT(java.lang.Object, java.lang.Object)'> (0x000000008a1ec550) 
thrown [s\open\src\hotspot\share\interpreter\linkResolver.cpp, line 774]
Event: 0.285 Thread 0x00000287fe52bd40 Exception <a 'java/lang/NoSuchMethodError'{0x000000008a210038}: 'void java.lang.invoke.DirectMethodHandle$Holder.invokeVirtual(java.lang.Object, java.lang.Object)'> (0x000000008a210038) 
thrown [s\open\src\hotspot\share\interpreter\linkResolver.cpp, line 774]
Event: 0.298 Thread 0x00000287eedb6870 Exception <a 'java/lang/NoSuchMethodError'{0x000000008a027b10}: 'void java.lang.invoke.DirectMethodHandle$Holder.invokeStaticInit(java.lang.Object)'> (0x000000008a027b10) 
thrown [s\open\src\hotspot\share\interpreter\linkResolver.cpp, line 774]
Event: 0.740 Thread 0x00000287fe52c290 Implicit null exception at 0x0000028787b11c8a to 0x0000028787b11d28

VM Operations (16 events):
Event: 0.141 Executing VM operation: HandshakeAllThreads
Event: 0.141 Executing VM operation: HandshakeAllThreads done
Event: 0.253 Executing VM operation: HandshakeAllThreads
Event: 0.253 Executing VM operation: HandshakeAllThreads done
Event: 0.266 Executing VM operation: HandshakeAllThreads
Event: 0.266 Executing VM operation: HandshakeAllThreads done
Event: 0.373 Executing VM operation: HandshakeAllThreads
Event: 0.373 Executing VM operation: HandshakeAllThreads done
Event: 0.698 Executing VM operation: HandshakeAllThreads
Event: 0.698 Executing VM operation: HandshakeAllThreads done
Event: 0.699 Executing VM operation: HandshakeAllThreads
Event: 0.699 Executing VM operation: HandshakeAllThreads done
Event: 1.707 Executing VM operation: Cleanup
Event: 1.707 Executing VM operation: Cleanup done
Event: 2.721 Executing VM operation: Cleanup
Event: 2.721 Executing VM operation: Cleanup done

Events (20 events):
Event: 0.039 Thread 0x00000287fe504f60 Thread added: 0x00000287fe504f60
Event: 0.039 Thread 0x00000287fe507fa0 Thread added: 0x00000287fe507fa0
Event: 0.039 Thread 0x00000287fe50ea00 Thread added: 0x00000287fe50ea00
Event: 0.039 Thread 0x00000287fe50f4d0 Thread added: 0x00000287fe50f4d0
Event: 0.040 Thread 0x00000287fe512900 Thread added: 0x00000287fe512900
Event: 0.040 Thread 0x00000287fe51c450 Thread added: 0x00000287fe51c450
Event: 0.040 Thread 0x00000287fe51cf60 Thread added: 0x00000287fe51cf60
Event: 0.040 Thread 0x00000287fe52ad50 Thread added: 0x00000287fe52ad50
Event: 0.062 Thread 0x00000287fe52b7f0 Thread added: 0x00000287fe52b7f0
Event: 0.067 Thread 0x00000287fe529d60 Thread added: 0x00000287fe529d60
Event: 0.174 Thread 0x00000287fe52a2b0 Thread added: 0x00000287fe52a2b0
Event: 0.175 Thread 0x00000287fe52c7e0 Thread added: 0x00000287fe52c7e0
Event: 0.177 Thread 0x00000287fe52bd40 Thread added: 0x00000287fe52bd40
Event: 0.284 Thread 0x00000287fe52c290 Thread added: 0x00000287fe52c290
Event: 0.373 Thread 0x00000287eedb6870 Thread exited: 0x00000287eedb6870
Event: 0.373 Thread 0x00000287fe52b2a0 Thread added: 0x00000287fe52b2a0
Event: 0.660 Thread 0x00000287ff5a5500 Thread added: 0x00000287ff5a5500
Event: 0.660 Thread 0x00000287ff5a5a80 Thread added: 0x00000287ff5a5a80
Event: 2.509 Thread 0x00000287ff5a5a80 Thread exited: 0x00000287ff5a5a80
Event: 2.512 Thread 0x00000287ff5a5500 Thread exited: 0x00000287ff5a5500


Dynamic libraries:
0x00007ff7865a0000 - 0x00007ff7865b0000 	C:\Program Files\Java\jdk-19\bin\javaw.exe
0x00007ff8028d0000 - 0x00007ff802ae4000 	C:\WINDOWS\SYSTEM32\ntdll.dll
0x00007ff801ec0000 - 0x00007ff801f82000 	C:\WINDOWS\System32\KERNEL32.DLL
0x00007fffffc40000 - 0x00007ffffffe3000 	C:\WINDOWS\System32\KERNELBASE.dll
0x00007ff800520000 - 0x00007ff800631000 	C:\WINDOWS\System32\ucrtbase.dll
0x00007ffffcca0000 - 0x00007ffffccb8000 	C:\Program Files\Java\jdk-19\bin\jli.dll
0x00007ffffad10000 - 0x00007ffffad2b000 	C:\Program Files\Java\jdk-19\bin\VCRUNTIME140.dll
0x00007ff800d50000 - 0x00007ff800dfe000 	C:\WINDOWS\System32\ADVAPI32.dll
0x00007ff802230000 - 0x00007ff8022d7000 	C:\WINDOWS\System32\msvcrt.dll
0x00007ff802590000 - 0x00007ff802634000 	C:\WINDOWS\System32\sechost.dll
0x00007ff800f70000 - 0x00007ff801087000 	C:\WINDOWS\System32\RPCRT4.dll
0x00007ff802070000 - 0x00007ff80221a000 	C:\WINDOWS\System32\USER32.dll
0x00007ff8002c0000 - 0x00007ff8002e6000 	C:\WINDOWS\System32\win32u.dll
0x00007fffe8b10000 - 0x00007fffe8d9e000 	C:\WINDOWS\WinSxS\amd64_microsoft.windows.common-controls_6595b64144ccf1df_6.0.22621.1635_none_270f70857386168e\COMCTL32.dll
0x00007ff800f40000 - 0x00007ff800f69000 	C:\WINDOWS\System32\GDI32.dll
0x00007ff8001a0000 - 0x00007ff8002b9000 	C:\WINDOWS\System32\gdi32full.dll
0x00007ff800100000 - 0x00007ff80019a000 	C:\WINDOWS\System32\msvcp_win.dll
0x00007ffff3d50000 - 0x00007ffff3d5a000 	C:\WINDOWS\SYSTEM32\VERSION.dll
0x00007ff802440000 - 0x00007ff802471000 	C:\WINDOWS\System32\IMM32.DLL
0x00007ffffcc90000 - 0x00007ffffcc9c000 	C:\Program Files\Java\jdk-19\bin\vcruntime140_1.dll
0x00007ffffac80000 - 0x00007ffffad0e000 	C:\Program Files\Java\jdk-19\bin\msvcp140.dll
0x00007fffb01a0000 - 0x00007fffb0e60000 	C:\Program Files\Java\jdk-19\bin\server\jvm.dll
0x00007ffffadc0000 - 0x00007ffffadc9000 	C:\WINDOWS\SYSTEM32\WSOCK32.dll
0x00007ffff7210000 - 0x00007ffff7244000 	C:\WINDOWS\SYSTEM32\WINMM.dll
0x00007ff800e70000 - 0x00007ff800ee1000 	C:\WINDOWS\System32\WS2_32.dll
0x00007ffffedb0000 - 0x00007ffffedc8000 	C:\WINDOWS\SYSTEM32\kernel.appcore.dll
0x00007ffffac70000 - 0x00007ffffac7a000 	C:\Program Files\Java\jdk-19\bin\jimage.dll
0x00007ffffd640000 - 0x00007ffffd86e000 	C:\WINDOWS\SYSTEM32\DBGHELP.DLL
0x00007ff8019d0000 - 0x00007ff801d59000 	C:\WINDOWS\System32\combase.dll
0x00007ff801f90000 - 0x00007ff802067000 	C:\WINDOWS\System32\OLEAUT32.dll
0x00007fffee070000 - 0x00007fffee0a2000 	C:\WINDOWS\SYSTEM32\dbgcore.DLL
0x00007ff800080000 - 0x00007ff8000fa000 	C:\WINDOWS\System32\bcryptPrimitives.dll
0x00007ffff9dc0000 - 0x00007ffff9de6000 	C:\Program Files\Java\jdk-19\bin\java.dll
0x00007fffcf650000 - 0x00007fffcf727000 	C:\Program Files\Java\jdk-19\bin\jsvml.dll
0x00007ff8011d0000 - 0x00007ff8019c9000 	C:\WINDOWS\System32\SHELL32.dll
0x00007ffffdc70000 - 0x00007ffffe53e000 	C:\WINDOWS\SYSTEM32\windows.storage.dll
0x00007ffffdb30000 - 0x00007ffffdc6e000 	C:\WINDOWS\SYSTEM32\wintypes.dll
0x00007ff8022e0000 - 0x00007ff8023d1000 	C:\WINDOWS\System32\SHCORE.dll
0x00007ff8023e0000 - 0x00007ff80243e000 	C:\WINDOWS\System32\shlwapi.dll
0x00007fffffbe0000 - 0x00007fffffc06000 	C:\WINDOWS\SYSTEM32\profapi.dll
0x00007fffee140000 - 0x00007fffee150000 	C:\Program Files\Java\jdk-19\bin\verify.dll
0x00007ffffac50000 - 0x00007ffffac63000 	C:\Program Files\Java\jdk-19\bin\net.dll
0x00007ffff8490000 - 0x00007ffff85c7000 	C:\WINDOWS\SYSTEM32\WINHTTP.dll
0x00007fffff230000 - 0x00007fffff299000 	C:\WINDOWS\system32\mswsock.dll
0x00007fffebaa0000 - 0x00007fffebab6000 	C:\Program Files\Java\jdk-19\bin\nio.dll
0x00007fffe5e80000 - 0x00007fffe5e98000 	C:\Program Files\Java\jdk-19\bin\zip.dll
0x00007fffc26f0000 - 0x00007fffc2881000 	C:\Program Files\Java\jdk-19\bin\awt.dll
0x00007ffffcd30000 - 0x00007ffffcdc7000 	C:\WINDOWS\SYSTEM32\apphelp.dll
0x00007ffffd100000 - 0x00007ffffd12b000 	C:\WINDOWS\system32\DWMAPI.DLL
0x00007ffffcec0000 - 0x00007ffffcf6b000 	C:\WINDOWS\system32\uxtheme.dll
0x00007fffc3590000 - 0x00007fffc3690000 	C:\WINDOWS\system32\opengl32.dll
0x00007fffc3520000 - 0x00007fffc354d000 	C:\WINDOWS\SYSTEM32\GLU32.dll
0x00007ffffcfa0000 - 0x00007ffffcfd8000 	C:\WINDOWS\SYSTEM32\dxcore.dll
0x00007ff801d80000 - 0x00007ff801ea7000 	C:\WINDOWS\System32\MSCTF.dll
0x00007ff800bb0000 - 0x00007ff800d4c000 	C:\WINDOWS\System32\ole32.dll
0x00007fffc5160000 - 0x00007fffc51e6000 	C:\Program Files\Java\jdk-19\bin\freetype.dll
0x00007fffc2620000 - 0x00007fffc26e6000 	C:\Program Files\Java\jdk-19\bin\fontmanager.dll
0x00007fffe7370000 - 0x00007fffe749d000 	C:\WINDOWS\SYSTEM32\textinputframework.dll
0x00007ffffc4c0000 - 0x00007ffffc5f3000 	C:\WINDOWS\SYSTEM32\CoreMessaging.dll
0x00007ffff89c0000 - 0x00007ffff8d2c000 	C:\WINDOWS\SYSTEM32\CoreUIComponents.dll
0x00007fffff4f0000 - 0x00007fffff4fc000 	C:\WINDOWS\SYSTEM32\CRYPTBASE.DLL
0x00007ff8010a0000 - 0x00007ff801150000 	C:\WINDOWS\System32\clbcatq.dll
0x00007fffdec50000 - 0x00007fffdec7b000 	C:\Windows\System32\Speech\SpeechUX\SpTip.dll

dbghelp: loaded successfully - version: 4.0.5 - missing functions: none
symbol engine: initialized successfully - sym options: 0x614 - pdb path: .;C:\Program Files\Java\jdk-19\bin;C:\WINDOWS\SYSTEM32;C:\WINDOWS\WinSxS\amd64_microsoft.windows.common-controls_6595b64144ccf1df_6.0.22621.1635_none_270f70857386168e;C:\Program Files\Java\jdk-19\bin\server;C:\Windows\System32\Speech\SpeechUX

VM Arguments:
jvm_args: -Dfile.encoding=UTF-8 -XX:+ShowCodeDetailsInExceptionMessages 
java_command: banking.SignupThree
java_class_path (initial): P:\C_Work\6th Sem\Banking Management System\bin;C:\Users\BAISAMPAYAN\Downloads\mysql-connector-j-8.0.33\mysql-connector-j-8.0.33\mysql-connector-j-8.0.33.jar;C:\Users\BAISAMPAYAN\Downloads\mysql-connector-j-8.0.33\jcalendar-tz-1.3.3-4.jar
Launcher Type: SUN_STANDARD

[Global flags]
     intx CICompilerCount                          = 4                                         {product} {ergonomic}
     uint ConcGCThreads                            = 2                                         {product} {ergonomic}
     uint G1ConcRefinementThreads                  = 8                                         {product} {ergonomic}
   size_t G1HeapRegionSize                         = 1048576                                   {product} {ergonomic}
    uintx GCDrainStackTargetSize                   = 64                                        {product} {ergonomic}
   size_t InitialHeapSize                          = 132120576                                 {product} {ergonomic}
   size_t MarkStackSize                            = 4194304                                   {product} {ergonomic}
   size_t MaxHeapSize                              = 2105540608                                {product} {ergonomic}
   size_t MaxNewSize                               = 1262485504                                {product} {ergonomic}
   size_t MinHeapDeltaBytes                        = 1048576                                   {product} {ergonomic}
   size_t MinHeapSize                              = 8388608                                   {product} {ergonomic}
    uintx NonNMethodCodeHeapSize                   = 5839372                                {pd product} {ergonomic}
    uintx NonProfiledCodeHeapSize                  = 122909434                              {pd product} {ergonomic}
    uintx ProfiledCodeHeapSize                     = 122909434                              {pd product} {ergonomic}
    uintx ReservedCodeCacheSize                    = 251658240                              {pd product} {ergonomic}
     bool SegmentedCodeCache                       = true                                      {product} {ergonomic}
     bool ShowCodeDetailsInExceptionMessages       = true                                   {manageable} {command line}
   size_t SoftMaxHeapSize                          = 2105540608                             {manageable} {ergonomic}
     bool UseCompressedClassPointers               = true                           {product lp64_product} {ergonomic}
     bool UseCompressedOops                        = true                           {product lp64_product} {ergonomic}
     bool UseG1GC                                  = true                                      {product} {ergonomic}
     bool UseLargePagesIndividualAllocation        = false                                  {pd product} {ergonomic}

Logging:
Log output configuration:
 #0: stdout all=warning uptime,level,tags foldmultilines=false
 #1: stderr all=off uptime,level,tags foldmultilines=false

Environment Variables:
PATH=C:\Program Files (x86)\VMware\VMware Player\bin\;C:\Program Files\Common Files\Oracle\Java\javapath;C:\Windows\system32;C:\Windows;C:\Windows\System32\Wbem;C:\Windows\System32\WindowsPowerShell\v1.0\;C:\Windows\System32\OpenSSH\;C:\Program Files (x86)\NVIDIA Corporation\PhysX\Common;C:\Program Files\NVIDIA Corporation\NVIDIA NvDLISR;C:\msys64\mingw64\bin;C:\WINDOWS\system32;C:\WINDOWS;C:\WINDOWS\System32\Wbem;C:\WINDOWS\System32\WindowsPowerShell\v1.0\;C:\WINDOWS\System32\OpenSSH\;C:\Program Files\dotnet\;C:\Program Files\Java\jdk-19\bin;C:\Program Files\MySQL\MySQL Shell 8.0\bin\;C:\Users\BAISAMPAYAN\AppData\Local\Programs\Python\Python310\Scripts\;C:\Users\BAISAMPAYAN\AppData\Local\Programs\Python\Python310\;C:\Users\BAISAMPAYAN\AppData\Local\Programs\Python\Launcher\;C:\Users\BAISAMPAYAN\AppData\Local\Microsoft\WindowsApps;C:\Users\BAISAMPAYAN\AppData\Local\Programs\Microsoft VS Code\bin;C:\Program Files\JetBrains\PyCharm Community Edition 2022.1.3\bin;;C:\Program Files\JetBrains\IntelliJ IDEA Community Edition 2022.1.4\bin;;
USERNAME=BAISAMPAYAN
OS=Windows_NT
PROCESSOR_IDENTIFIER=Intel64 Family 6 Model 165 Stepping 2, GenuineIntel
TMP=C:\Users\BAISAM~1\AppData\Local\Temp
TEMP=C:\Users\BAISAM~1\AppData\Local\Temp



---------------  S Y S T E M  ---------------

OS:
 Windows 11 , 64 bit Build 22621 (10.0.22621.1928)
OS uptime: 0 days 1:40 hours
Hyper-V role detected

CPU: total 8 (initial active 8) (4 cores per cpu, 2 threads per core) family 6 model 165 stepping 2 microcode 0xe0, cx8, cmov, fxsr, ht, mmx, 3dnowpref, sse, sse2, sse3, ssse3, sse4.1, sse4.2, popcnt, lzcnt, tsc, tscinvbit, avx, avx2, aes, erms, clmul, bmi1, bmi2, adx, fma, vzeroupper, clflush, clflushopt, hv, rdtscp

Memory: 4k page, system-wide physical 8029M (462M free)
TotalPageFile size 32605M (AvailPageFile size 0M)
current process WorkingSet (physical memory assigned to process): 72M, peak: 73M
current process commit charge ("private bytes"): 223M, peak: 224M

vm_info: Java HotSpot(TM) 64-Bit Server VM (19.0.2+7-44) for windows-amd64 JRE (19.0.2+7-44), built on 2022-11-30T18:02:09Z by "mach5one" with MS VC++ 17.1 (VS2022)

END.
