#
# There is insufficient memory for the Java Runtime Environment to continue.
# Native memory allocation (malloc) failed to allocate 32744 bytes for Chunk::new
# Possible reasons:
#   The system is out of physical RAM or swap space
#   The process is running with CompressedOops enabled, and the Java Heap may be blocking the growth of the native heap
# Possible solutions:
#   Reduce memory load on the system
#   Increase physical memory or swap space
#   Check if swap backing store is full
#   Decrease Java heap size (-Xmx/-Xms)
#   Decrease number of Java threads
#   Decrease Java thread stack sizes (-Xss)
#   Set larger code cache with -XX:ReservedCodeCacheSize=
#   JVM is running with Unscaled Compressed Oops mode in which the Java heap is
#     placed in the first 4GB address space. The Java Heap base address is the
#     maximum limit for the native heap growth. Please use -XX:HeapBaseMinAddress
#     to set the Java Heap base and to place the Java Heap above 4GB virtual address.
# This output file may be truncated or incomplete.
#
#  Out of Memory Error (arena.cpp:184), pid=22964, tid=23740
#
# JRE version: Java(TM) SE Runtime Environment (19.0.2+7) (build 19.0.2+7-44)
# Java VM: Java HotSpot(TM) 64-Bit Server VM (19.0.2+7-44, mixed mode, sharing, tiered, compressed oops, compressed class ptrs, g1 gc, windows-amd64)
# No core dump will be written. Minidumps are not enabled by default on client versions of Windows
#

---------------  S U M M A R Y ------------

Command Line: -Dfile.encoding=UTF-8 -XX:+ShowCodeDetailsInExceptionMessages banking.SignupThree

Host: Intel(R) Core(TM) i5-10300H CPU @ 2.50GHz, 8 cores, 7G,  Windows 11 , 64 bit Build 22621 (10.0.22621.1928)
Time: Mon Jul  3 05:25:31 2023 India Standard Time elapsed time: 2084.974332 seconds (0d 0h 34m 44s)

---------------  T H R E A D  ---------------

Current thread (0x0000021dc9f8efd0):  JavaThread "C2 CompilerThread0" daemon [_thread_in_native, id=23740, stack(0x000000f70be00000,0x000000f70bf00000)]


Current CompileTask:
C2:2084974 1231       4       java.util.HashMap::get (19 bytes)

Stack: [0x000000f70be00000,0x000000f70bf00000]
Native frames: (J=compiled Java code, j=interpreted, Vv=VM code, C=native code)
V  [jvm.dll+0x6ee21a]
V  [jvm.dll+0x85765e]
V  [jvm.dll+0x85904e]
V  [jvm.dll+0x859703]
V  [jvm.dll+0x28298f]
V  [jvm.dll+0xc9adf]
V  [jvm.dll+0xc9e65]
V  [jvm.dll+0x6cd7f6]
V  [jvm.dll+0x91d48]
V  [jvm.dll+0x705654]
V  [jvm.dll+0x70895c]
V  [jvm.dll+0x700c76]
V  [jvm.dll+0x7002c1]
V  [jvm.dll+0x6fe1a3]
V  [jvm.dll+0x1d9e6c]
V  [jvm.dll+0x2f6edd]
V  [jvm.dll+0x708b52]
V  [jvm.dll+0x700c76]
V  [jvm.dll+0x7002c1]
V  [jvm.dll+0x6fe1a3]
V  [jvm.dll+0x1d9e6c]
V  [jvm.dll+0x1da9fb]
V  [jvm.dll+0x2f6edd]
V  [jvm.dll+0x708b52]
V  [jvm.dll+0x700c76]
V  [jvm.dll+0x7002c1]
V  [jvm.dll+0x6fe1a3]
V  [jvm.dll+0x1d9e6c]
V  [jvm.dll+0x24b333]
V  [jvm.dll+0x1d6ce1]
V  [jvm.dll+0x25b25a]
V  [jvm.dll+0x2596e8]
V  [jvm.dll+0x807588]
V  [jvm.dll+0x80125a]
V  [jvm.dll+0x6ecf0b]
C  [ucrtbase.dll+0x29363]
C  [KERNEL32.DLL+0x126ad]
C  [ntdll.dll+0x5aa68]


---------------  P R O C E S S  ---------------

Threads class SMR info:
_java_thread_list=0x0000021dce4ef440, length=16, elements={
0x0000021dc9f74b90, 0x0000021dc9f75c70, 0x0000021dc9f798e0, 0x0000021dc9f80740,
0x0000021dc9f81830, 0x0000021dc9f8a310, 0x0000021dc9f8efd0, 0x0000021dc9f90710,
0x0000021dc9f9c8b0, 0x0000021dce1ee1f0, 0x0000021dce1eec90, 0x0000021dce1ef1e0,
0x0000021dce1ee740, 0x0000021dce1ef730, 0x0000021dce1ed200, 0x0000021dce1ed750
}

Java Threads: ( => current thread )
  0x0000021dc9f74b90 JavaThread "Reference Handler" daemon [_thread_blocked, id=23712, stack(0x000000f70b800000,0x000000f70b900000)]
  0x0000021dc9f75c70 JavaThread "Finalizer" daemon [_thread_blocked, id=23716, stack(0x000000f70b900000,0x000000f70ba00000)]
  0x0000021dc9f798e0 JavaThread "Signal Dispatcher" daemon [_thread_blocked, id=23720, stack(0x000000f70ba00000,0x000000f70bb00000)]
  0x0000021dc9f80740 JavaThread "Attach Listener" daemon [_thread_blocked, id=23732, stack(0x000000f70bb00000,0x000000f70bc00000)]
  0x0000021dc9f81830 JavaThread "Service Thread" daemon [_thread_blocked, id=23728, stack(0x000000f70bc00000,0x000000f70bd00000)]
  0x0000021dc9f8a310 JavaThread "Monitor Deflation Thread" daemon [_thread_blocked, id=23736, stack(0x000000f70bd00000,0x000000f70be00000)]
=>0x0000021dc9f8efd0 JavaThread "C2 CompilerThread0" daemon [_thread_in_native, id=23740, stack(0x000000f70be00000,0x000000f70bf00000)]
  0x0000021dc9f90710 JavaThread "C1 CompilerThread0" daemon [_thread_blocked, id=23752, stack(0x000000f70bf00000,0x000000f70c000000)]
  0x0000021dc9f9c8b0 JavaThread "Sweeper thread" daemon [_thread_blocked, id=23764, stack(0x000000f70c000000,0x000000f70c100000)]
  0x0000021dce1ee1f0 JavaThread "Notification Thread" daemon [_thread_blocked, id=23724, stack(0x000000f70c100000,0x000000f70c200000)]
  0x0000021dce1eec90 JavaThread "Common-Cleaner" daemon [_thread_blocked, id=23784, stack(0x000000f70c300000,0x000000f70c400000)]
  0x0000021dce1ef1e0 JavaThread "Java2D Disposer" daemon [_thread_blocked, id=23800, stack(0x000000f70c400000,0x000000f70c500000)]
  0x0000021dce1ee740 JavaThread "AWT-Shutdown" [_thread_blocked, id=23780, stack(0x000000f70c500000,0x000000f70c600000)]
  0x0000021dce1ef730 JavaThread "AWT-Windows" daemon [_thread_in_native, id=23884, stack(0x000000f70c600000,0x000000f70c700000)]
  0x0000021dce1ed200 JavaThread "AWT-EventQueue-0" [_thread_blocked, id=21624, stack(0x000000f70c700000,0x000000f70c800000)]
  0x0000021dce1ed750 JavaThread "DestroyJavaVM" [_thread_blocked, id=23692, stack(0x000000f70b100000,0x000000f70b200000)]

Other Threads:
  0x0000021dc9f59dc0 VMThread "VM Thread" [stack: 0x000000f70b700000,0x000000f70b800000] [id=23616]
  0x0000021dce1f1a30 WatcherThread "VM Periodic Task Thread" [stack: 0x000000f70c200000,0x000000f70c300000] [id=23776]
  0x0000021dab88abd0 WorkerThread "GC Thread#0" [stack: 0x000000f70b200000,0x000000f70b300000] [id=23696]
  0x0000021dab89bfe0 ConcurrentGCThread "G1 Main Marker" [stack: 0x000000f70b300000,0x000000f70b400000] [id=23700]
  0x0000021dab89c920 WorkerThread "G1 Conc#0" [stack: 0x000000f70b400000,0x000000f70b500000] [id=23704]
  0x0000021dc9e14560 ConcurrentGCThread "G1 Refine#0" [stack: 0x000000f70b500000,0x000000f70b600000] [id=23680]
  0x0000021dc9e14d50 ConcurrentGCThread "G1 Service" [stack: 0x000000f70b600000,0x000000f70b700000] [id=23708]

Threads with active compile tasks:
C2 CompilerThread0  2085014 1231       4       java.util.HashMap::get (19 bytes)

VM state: not at safepoint (normal execution)

VM Mutex/Monitor currently owned by a thread: None

Heap address: 0x0000000082800000, size: 2008 MB, Compressed Oops mode: 32-bit

CDS archive(s) mapped at: [0x0000000800000000-0x0000000800c40000-0x0000000800c40000), size 12845056, SharedBaseAddress: 0x0000000800000000, ArchiveRelocationMode: 0.
Compressed class space mapped at: 0x0000000801000000-0x0000000841000000, reserved size: 1073741824
Narrow klass base: 0x0000000800000000, Narrow klass shift: 0, Narrow klass range: 0x100000000

GC Precious Log:
 CardTable entry size: 512
 Card Set container configuration: InlinePtr #cards 5 size 8 Array Of Cards #cards 12 size 40 Howl #buckets 4 coarsen threshold 1843 Howl Bitmap #cards 512 size 80 coarsen threshold 460 Card regions per heap region 1 cards per card region 2048
 CPUs: 8 total, 8 available
 Memory: 8029M
 Large Page Support: Disabled
 NUMA Support: Disabled
 Compressed Oops: Enabled (32-bit)
 Heap Region Size: 1M
 Heap Min Capacity: 8M
 Heap Initial Capacity: 126M
 Heap Max Capacity: 2008M
 Pre-touch: Disabled
 Parallel Workers: 8
 Concurrent Workers: 2
 Concurrent Refinement Workers: 8
 Periodic GC: Disabled

Heap:
 garbage-first heap   total 129024K, used 19456K [0x0000000082800000, 0x0000000100000000)
  region size 1024K, 16 young (16384K), 0 survivors (0K)
 Metaspace       used 7293K, committed 7552K, reserved 1114112K
  class space    used 744K, committed 896K, reserved 1048576K

Heap Regions: E=young(eden), S=young(survivor), O=old, HS=humongous(starts), HC=humongous(continues), CS=collection set, F=free, OA=open archive, CA=closed archive, TAMS=top-at-mark-start (previous, next)
|   0|0x0000000082800000, 0x0000000082900000, 0x0000000082900000|100%|HS|  |TAMS 0x0000000082800000, 0x0000000082800000| Complete 
|   1|0x0000000082900000, 0x0000000082a00000, 0x0000000082a00000|100%|HC|  |TAMS 0x0000000082900000, 0x0000000082900000| Complete 
|   2|0x0000000082a00000, 0x0000000082b00000, 0x0000000082b00000|100%|HC|  |TAMS 0x0000000082a00000, 0x0000000082a00000| Complete 
|   3|0x0000000082b00000, 0x0000000082c00000, 0x0000000082c00000|100%|HC|  |TAMS 0x0000000082b00000, 0x0000000082b00000| Complete 
|   4|0x0000000082c00000, 0x0000000082c00000, 0x0000000082d00000|  0%| F|  |TAMS 0x0000000082c00000, 0x0000000082c00000| Untracked 
|   5|0x0000000082d00000, 0x0000000082d00000, 0x0000000082e00000|  0%| F|  |TAMS 0x0000000082d00000, 0x0000000082d00000| Untracked 
|   6|0x0000000082e00000, 0x0000000082e00000, 0x0000000082f00000|  0%| F|  |TAMS 0x0000000082e00000, 0x0000000082e00000| Untracked 
|   7|0x0000000082f00000, 0x0000000082f00000, 0x0000000083000000|  0%| F|  |TAMS 0x0000000082f00000, 0x0000000082f00000| Untracked 
|   8|0x0000000083000000, 0x0000000083000000, 0x0000000083100000|  0%| F|  |TAMS 0x0000000083000000, 0x0000000083000000| Untracked 
|   9|0x0000000083100000, 0x0000000083100000, 0x0000000083200000|  0%| F|  |TAMS 0x0000000083100000, 0x0000000083100000| Untracked 
|  10|0x0000000083200000, 0x0000000083200000, 0x0000000083300000|  0%| F|  |TAMS 0x0000000083200000, 0x0000000083200000| Untracked 
|  11|0x0000000083300000, 0x0000000083300000, 0x0000000083400000|  0%| F|  |TAMS 0x0000000083300000, 0x0000000083300000| Untracked 
|  12|0x0000000083400000, 0x0000000083400000, 0x0000000083500000|  0%| F|  |TAMS 0x0000000083400000, 0x0000000083400000| Untracked 
|  13|0x0000000083500000, 0x0000000083500000, 0x0000000083600000|  0%| F|  |TAMS 0x0000000083500000, 0x0000000083500000| Untracked 
|  14|0x0000000083600000, 0x0000000083600000, 0x0000000083700000|  0%| F|  |TAMS 0x0000000083600000, 0x0000000083600000| Untracked 
|  15|0x0000000083700000, 0x0000000083700000, 0x0000000083800000|  0%| F|  |TAMS 0x0000000083700000, 0x0000000083700000| Untracked 
|  16|0x0000000083800000, 0x0000000083800000, 0x0000000083900000|  0%| F|  |TAMS 0x0000000083800000, 0x0000000083800000| Untracked 
|  17|0x0000000083900000, 0x0000000083900000, 0x0000000083a00000|  0%| F|  |TAMS 0x0000000083900000, 0x0000000083900000| Untracked 
|  18|0x0000000083a00000, 0x0000000083a00000, 0x0000000083b00000|  0%| F|  |TAMS 0x0000000083a00000, 0x0000000083a00000| Untracked 
|  19|0x0000000083b00000, 0x0000000083b00000, 0x0000000083c00000|  0%| F|  |TAMS 0x0000000083b00000, 0x0000000083b00000| Untracked 
|  20|0x0000000083c00000, 0x0000000083c00000, 0x0000000083d00000|  0%| F|  |TAMS 0x0000000083c00000, 0x0000000083c00000| Untracked 
|  21|0x0000000083d00000, 0x0000000083d00000, 0x0000000083e00000|  0%| F|  |TAMS 0x0000000083d00000, 0x0000000083d00000| Untracked 
|  22|0x0000000083e00000, 0x0000000083e00000, 0x0000000083f00000|  0%| F|  |TAMS 0x0000000083e00000, 0x0000000083e00000| Untracked 
|  23|0x0000000083f00000, 0x0000000083f00000, 0x0000000084000000|  0%| F|  |TAMS 0x0000000083f00000, 0x0000000083f00000| Untracked 
|  24|0x0000000084000000, 0x0000000084000000, 0x0000000084100000|  0%| F|  |TAMS 0x0000000084000000, 0x0000000084000000| Untracked 
|  25|0x0000000084100000, 0x0000000084100000, 0x0000000084200000|  0%| F|  |TAMS 0x0000000084100000, 0x0000000084100000| Untracked 
|  26|0x0000000084200000, 0x0000000084200000, 0x0000000084300000|  0%| F|  |TAMS 0x0000000084200000, 0x0000000084200000| Untracked 
|  27|0x0000000084300000, 0x0000000084300000, 0x0000000084400000|  0%| F|  |TAMS 0x0000000084300000, 0x0000000084300000| Untracked 
|  28|0x0000000084400000, 0x0000000084400000, 0x0000000084500000|  0%| F|  |TAMS 0x0000000084400000, 0x0000000084400000| Untracked 
|  29|0x0000000084500000, 0x0000000084500000, 0x0000000084600000|  0%| F|  |TAMS 0x0000000084500000, 0x0000000084500000| Untracked 
|  30|0x0000000084600000, 0x0000000084600000, 0x0000000084700000|  0%| F|  |TAMS 0x0000000084600000, 0x0000000084600000| Untracked 
|  31|0x0000000084700000, 0x0000000084700000, 0x0000000084800000|  0%| F|  |TAMS 0x0000000084700000, 0x0000000084700000| Untracked 
|  32|0x0000000084800000, 0x0000000084800000, 0x0000000084900000|  0%| F|  |TAMS 0x0000000084800000, 0x0000000084800000| Untracked 
|  33|0x0000000084900000, 0x0000000084900000, 0x0000000084a00000|  0%| F|  |TAMS 0x0000000084900000, 0x0000000084900000| Untracked 
|  34|0x0000000084a00000, 0x0000000084a00000, 0x0000000084b00000|  0%| F|  |TAMS 0x0000000084a00000, 0x0000000084a00000| Untracked 
|  35|0x0000000084b00000, 0x0000000084b00000, 0x0000000084c00000|  0%| F|  |TAMS 0x0000000084b00000, 0x0000000084b00000| Untracked 
|  36|0x0000000084c00000, 0x0000000084c00000, 0x0000000084d00000|  0%| F|  |TAMS 0x0000000084c00000, 0x0000000084c00000| Untracked 
|  37|0x0000000084d00000, 0x0000000084d00000, 0x0000000084e00000|  0%| F|  |TAMS 0x0000000084d00000, 0x0000000084d00000| Untracked 
|  38|0x0000000084e00000, 0x0000000084e00000, 0x0000000084f00000|  0%| F|  |TAMS 0x0000000084e00000, 0x0000000084e00000| Untracked 
|  39|0x0000000084f00000, 0x0000000084f00000, 0x0000000085000000|  0%| F|  |TAMS 0x0000000084f00000, 0x0000000084f00000| Untracked 
|  40|0x0000000085000000, 0x0000000085000000, 0x0000000085100000|  0%| F|  |TAMS 0x0000000085000000, 0x0000000085000000| Untracked 
|  41|0x0000000085100000, 0x0000000085100000, 0x0000000085200000|  0%| F|  |TAMS 0x0000000085100000, 0x0000000085100000| Untracked 
|  42|0x0000000085200000, 0x0000000085200000, 0x0000000085300000|  0%| F|  |TAMS 0x0000000085200000, 0x0000000085200000| Untracked 
|  43|0x0000000085300000, 0x0000000085300000, 0x0000000085400000|  0%| F|  |TAMS 0x0000000085300000, 0x0000000085300000| Untracked 
|  44|0x0000000085400000, 0x0000000085400000, 0x0000000085500000|  0%| F|  |TAMS 0x0000000085400000, 0x0000000085400000| Untracked 
|  45|0x0000000085500000, 0x0000000085500000, 0x0000000085600000|  0%| F|  |TAMS 0x0000000085500000, 0x0000000085500000| Untracked 
|  46|0x0000000085600000, 0x0000000085600000, 0x0000000085700000|  0%| F|  |TAMS 0x0000000085600000, 0x0000000085600000| Untracked 
|  47|0x0000000085700000, 0x0000000085700000, 0x0000000085800000|  0%| F|  |TAMS 0x0000000085700000, 0x0000000085700000| Untracked 
|  48|0x0000000085800000, 0x0000000085800000, 0x0000000085900000|  0%| F|  |TAMS 0x0000000085800000, 0x0000000085800000| Untracked 
|  49|0x0000000085900000, 0x0000000085900000, 0x0000000085a00000|  0%| F|  |TAMS 0x0000000085900000, 0x0000000085900000| Untracked 
|  50|0x0000000085a00000, 0x0000000085a00000, 0x0000000085b00000|  0%| F|  |TAMS 0x0000000085a00000, 0x0000000085a00000| Untracked 
|  51|0x0000000085b00000, 0x0000000085b00000, 0x0000000085c00000|  0%| F|  |TAMS 0x0000000085b00000, 0x0000000085b00000| Untracked 
|  52|0x0000000085c00000, 0x0000000085c00000, 0x0000000085d00000|  0%| F|  |TAMS 0x0000000085c00000, 0x0000000085c00000| Untracked 
|  53|0x0000000085d00000, 0x0000000085d00000, 0x0000000085e00000|  0%| F|  |TAMS 0x0000000085d00000, 0x0000000085d00000| Untracked 
|  54|0x0000000085e00000, 0x0000000085e00000, 0x0000000085f00000|  0%| F|  |TAMS 0x0000000085e00000, 0x0000000085e00000| Untracked 
|  55|0x0000000085f00000, 0x0000000085f00000, 0x0000000086000000|  0%| F|  |TAMS 0x0000000085f00000, 0x0000000085f00000| Untracked 
|  56|0x0000000086000000, 0x0000000086000000, 0x0000000086100000|  0%| F|  |TAMS 0x0000000086000000, 0x0000000086000000| Untracked 
|  57|0x0000000086100000, 0x0000000086100000, 0x0000000086200000|  0%| F|  |TAMS 0x0000000086100000, 0x0000000086100000| Untracked 
|  58|0x0000000086200000, 0x0000000086200000, 0x0000000086300000|  0%| F|  |TAMS 0x0000000086200000, 0x0000000086200000| Untracked 
|  59|0x0000000086300000, 0x0000000086300000, 0x0000000086400000|  0%| F|  |TAMS 0x0000000086300000, 0x0000000086300000| Untracked 
|  60|0x0000000086400000, 0x0000000086400000, 0x0000000086500000|  0%| F|  |TAMS 0x0000000086400000, 0x0000000086400000| Untracked 
|  61|0x0000000086500000, 0x0000000086500000, 0x0000000086600000|  0%| F|  |TAMS 0x0000000086500000, 0x0000000086500000| Untracked 
|  62|0x0000000086600000, 0x0000000086600000, 0x0000000086700000|  0%| F|  |TAMS 0x0000000086600000, 0x0000000086600000| Untracked 
|  63|0x0000000086700000, 0x0000000086700000, 0x0000000086800000|  0%| F|  |TAMS 0x0000000086700000, 0x0000000086700000| Untracked 
|  64|0x0000000086800000, 0x0000000086800000, 0x0000000086900000|  0%| F|  |TAMS 0x0000000086800000, 0x0000000086800000| Untracked 
|  65|0x0000000086900000, 0x0000000086900000, 0x0000000086a00000|  0%| F|  |TAMS 0x0000000086900000, 0x0000000086900000| Untracked 
|  66|0x0000000086a00000, 0x0000000086a00000, 0x0000000086b00000|  0%| F|  |TAMS 0x0000000086a00000, 0x0000000086a00000| Untracked 
|  67|0x0000000086b00000, 0x0000000086b00000, 0x0000000086c00000|  0%| F|  |TAMS 0x0000000086b00000, 0x0000000086b00000| Untracked 
|  68|0x0000000086c00000, 0x0000000086c00000, 0x0000000086d00000|  0%| F|  |TAMS 0x0000000086c00000, 0x0000000086c00000| Untracked 
|  69|0x0000000086d00000, 0x0000000086d00000, 0x0000000086e00000|  0%| F|  |TAMS 0x0000000086d00000, 0x0000000086d00000| Untracked 
|  70|0x0000000086e00000, 0x0000000086e00000, 0x0000000086f00000|  0%| F|  |TAMS 0x0000000086e00000, 0x0000000086e00000| Untracked 
|  71|0x0000000086f00000, 0x0000000086f00000, 0x0000000087000000|  0%| F|  |TAMS 0x0000000086f00000, 0x0000000086f00000| Untracked 
|  72|0x0000000087000000, 0x0000000087000000, 0x0000000087100000|  0%| F|  |TAMS 0x0000000087000000, 0x0000000087000000| Untracked 
|  73|0x0000000087100000, 0x0000000087100000, 0x0000000087200000|  0%| F|  |TAMS 0x0000000087100000, 0x0000000087100000| Untracked 
|  74|0x0000000087200000, 0x0000000087200000, 0x0000000087300000|  0%| F|  |TAMS 0x0000000087200000, 0x0000000087200000| Untracked 
|  75|0x0000000087300000, 0x0000000087300000, 0x0000000087400000|  0%| F|  |TAMS 0x0000000087300000, 0x0000000087300000| Untracked 
|  76|0x0000000087400000, 0x0000000087400000, 0x0000000087500000|  0%| F|  |TAMS 0x0000000087400000, 0x0000000087400000| Untracked 
|  77|0x0000000087500000, 0x0000000087500000, 0x0000000087600000|  0%| F|  |TAMS 0x0000000087500000, 0x0000000087500000| Untracked 
|  78|0x0000000087600000, 0x0000000087600000, 0x0000000087700000|  0%| F|  |TAMS 0x0000000087600000, 0x0000000087600000| Untracked 
|  79|0x0000000087700000, 0x0000000087700000, 0x0000000087800000|  0%| F|  |TAMS 0x0000000087700000, 0x0000000087700000| Untracked 
|  80|0x0000000087800000, 0x0000000087800000, 0x0000000087900000|  0%| F|  |TAMS 0x0000000087800000, 0x0000000087800000| Untracked 
|  81|0x0000000087900000, 0x0000000087900000, 0x0000000087a00000|  0%| F|  |TAMS 0x0000000087900000, 0x0000000087900000| Untracked 
|  82|0x0000000087a00000, 0x0000000087a00000, 0x0000000087b00000|  0%| F|  |TAMS 0x0000000087a00000, 0x0000000087a00000| Untracked 
|  83|0x0000000087b00000, 0x0000000087b00000, 0x0000000087c00000|  0%| F|  |TAMS 0x0000000087b00000, 0x0000000087b00000| Untracked 
|  84|0x0000000087c00000, 0x0000000087c00000, 0x0000000087d00000|  0%| F|  |TAMS 0x0000000087c00000, 0x0000000087c00000| Untracked 
|  85|0x0000000087d00000, 0x0000000087d00000, 0x0000000087e00000|  0%| F|  |TAMS 0x0000000087d00000, 0x0000000087d00000| Untracked 
|  86|0x0000000087e00000, 0x0000000087e00000, 0x0000000087f00000|  0%| F|  |TAMS 0x0000000087e00000, 0x0000000087e00000| Untracked 
|  87|0x0000000087f00000, 0x0000000087f00000, 0x0000000088000000|  0%| F|  |TAMS 0x0000000087f00000, 0x0000000087f00000| Untracked 
|  88|0x0000000088000000, 0x0000000088000000, 0x0000000088100000|  0%| F|  |TAMS 0x0000000088000000, 0x0000000088000000| Untracked 
|  89|0x0000000088100000, 0x0000000088100000, 0x0000000088200000|  0%| F|  |TAMS 0x0000000088100000, 0x0000000088100000| Untracked 
|  90|0x0000000088200000, 0x0000000088200000, 0x0000000088300000|  0%| F|  |TAMS 0x0000000088200000, 0x0000000088200000| Untracked 
|  91|0x0000000088300000, 0x0000000088300000, 0x0000000088400000|  0%| F|  |TAMS 0x0000000088300000, 0x0000000088300000| Untracked 
|  92|0x0000000088400000, 0x0000000088400000, 0x0000000088500000|  0%| F|  |TAMS 0x0000000088400000, 0x0000000088400000| Untracked 
|  93|0x0000000088500000, 0x0000000088500000, 0x0000000088600000|  0%| F|  |TAMS 0x0000000088500000, 0x0000000088500000| Untracked 
|  94|0x0000000088600000, 0x0000000088600000, 0x0000000088700000|  0%| F|  |TAMS 0x0000000088600000, 0x0000000088600000| Untracked 
|  95|0x0000000088700000, 0x0000000088700000, 0x0000000088800000|  0%| F|  |TAMS 0x0000000088700000, 0x0000000088700000| Untracked 
|  96|0x0000000088800000, 0x0000000088800000, 0x0000000088900000|  0%| F|  |TAMS 0x0000000088800000, 0x0000000088800000| Untracked 
|  97|0x0000000088900000, 0x0000000088900000, 0x0000000088a00000|  0%| F|  |TAMS 0x0000000088900000, 0x0000000088900000| Untracked 
|  98|0x0000000088a00000, 0x0000000088a00000, 0x0000000088b00000|  0%| F|  |TAMS 0x0000000088a00000, 0x0000000088a00000| Untracked 
|  99|0x0000000088b00000, 0x0000000088b00000, 0x0000000088c00000|  0%| F|  |TAMS 0x0000000088b00000, 0x0000000088b00000| Untracked 
| 100|0x0000000088c00000, 0x0000000088c00000, 0x0000000088d00000|  0%| F|  |TAMS 0x0000000088c00000, 0x0000000088c00000| Untracked 
| 101|0x0000000088d00000, 0x0000000088d00000, 0x0000000088e00000|  0%| F|  |TAMS 0x0000000088d00000, 0x0000000088d00000| Untracked 
| 102|0x0000000088e00000, 0x0000000088e00000, 0x0000000088f00000|  0%| F|  |TAMS 0x0000000088e00000, 0x0000000088e00000| Untracked 
| 103|0x0000000088f00000, 0x0000000088f00000, 0x0000000089000000|  0%| F|  |TAMS 0x0000000088f00000, 0x0000000088f00000| Untracked 
| 104|0x0000000089000000, 0x0000000089000000, 0x0000000089100000|  0%| F|  |TAMS 0x0000000089000000, 0x0000000089000000| Untracked 
| 105|0x0000000089100000, 0x0000000089100000, 0x0000000089200000|  0%| F|  |TAMS 0x0000000089100000, 0x0000000089100000| Untracked 
| 106|0x0000000089200000, 0x0000000089200000, 0x0000000089300000|  0%| F|  |TAMS 0x0000000089200000, 0x0000000089200000| Untracked 
| 107|0x0000000089300000, 0x0000000089300000, 0x0000000089400000|  0%| F|  |TAMS 0x0000000089300000, 0x0000000089300000| Untracked 
| 108|0x0000000089400000, 0x0000000089400000, 0x0000000089500000|  0%| F|  |TAMS 0x0000000089400000, 0x0000000089400000| Untracked 
| 109|0x0000000089500000, 0x0000000089500000, 0x0000000089600000|  0%| F|  |TAMS 0x0000000089500000, 0x0000000089500000| Untracked 
| 110|0x0000000089600000, 0x0000000089676c40, 0x0000000089700000| 46%| E|  |TAMS 0x0000000089600000, 0x0000000089600000| Complete 
| 111|0x0000000089700000, 0x0000000089800000, 0x0000000089800000|100%| E|CS|TAMS 0x0000000089700000, 0x0000000089700000| Complete 
| 112|0x0000000089800000, 0x0000000089900000, 0x0000000089900000|100%| E|CS|TAMS 0x0000000089800000, 0x0000000089800000| Complete 
| 113|0x0000000089900000, 0x0000000089a00000, 0x0000000089a00000|100%| E|CS|TAMS 0x0000000089900000, 0x0000000089900000| Complete 
| 114|0x0000000089a00000, 0x0000000089b00000, 0x0000000089b00000|100%| E|CS|TAMS 0x0000000089a00000, 0x0000000089a00000| Complete 
| 115|0x0000000089b00000, 0x0000000089c00000, 0x0000000089c00000|100%| E|CS|TAMS 0x0000000089b00000, 0x0000000089b00000| Complete 
| 116|0x0000000089c00000, 0x0000000089d00000, 0x0000000089d00000|100%| E|CS|TAMS 0x0000000089c00000, 0x0000000089c00000| Complete 
| 117|0x0000000089d00000, 0x0000000089e00000, 0x0000000089e00000|100%| E|CS|TAMS 0x0000000089d00000, 0x0000000089d00000| Complete 
| 118|0x0000000089e00000, 0x0000000089f00000, 0x0000000089f00000|100%| E|CS|TAMS 0x0000000089e00000, 0x0000000089e00000| Complete 
| 119|0x0000000089f00000, 0x000000008a000000, 0x000000008a000000|100%| E|CS|TAMS 0x0000000089f00000, 0x0000000089f00000| Complete 
| 120|0x000000008a000000, 0x000000008a100000, 0x000000008a100000|100%| E|CS|TAMS 0x000000008a000000, 0x000000008a000000| Complete 
| 121|0x000000008a100000, 0x000000008a200000, 0x000000008a200000|100%| E|CS|TAMS 0x000000008a100000, 0x000000008a100000| Complete 
| 122|0x000000008a200000, 0x000000008a300000, 0x000000008a300000|100%| E|CS|TAMS 0x000000008a200000, 0x000000008a200000| Complete 
| 123|0x000000008a300000, 0x000000008a400000, 0x000000008a400000|100%| E|CS|TAMS 0x000000008a300000, 0x000000008a300000| Complete 
| 124|0x000000008a400000, 0x000000008a500000, 0x000000008a500000|100%| E|CS|TAMS 0x000000008a400000, 0x000000008a400000| Complete 
| 125|0x000000008a500000, 0x000000008a600000, 0x000000008a600000|100%| E|CS|TAMS 0x000000008a500000, 0x000000008a500000| Complete 

Card table byte_map: [0x0000021dc2eb0000,0x0000021dc32a0000] _byte_map_base: 0x0000021dc2a9c000

Marking Bits (Prev, Next): (CMBitMap*) 0x0000021dab88b110, (CMBitMap*) 0x0000021dab88b150
 Prev Bits: [0x0000021dc3690000, 0x0000021dc55f0000)
 Next Bits: [0x0000021dc55f0000, 0x0000021dc7550000)

Polling page: 0x0000021daaff0000

Metaspace:

Usage:
  Non-class:      6.39 MB used.
      Class:    744.92 KB used.
       Both:      7.12 MB used.

Virtual space:
  Non-class space:       64.00 MB reserved,       6.50 MB ( 10%) committed,  1 nodes.
      Class space:        1.00 GB reserved,     896.00 KB ( <1%) committed,  1 nodes.
             Both:        1.06 GB reserved,       7.38 MB ( <1%) committed. 

Chunk freelists:
   Non-Class:  1.00 MB
       Class:  3.11 MB
        Both:  4.11 MB

MaxMetaspaceSize: unlimited
CompressedClassSpaceSize: 1.00 GB
Initial GC threshold: 21.00 MB
Current GC threshold: 21.00 MB
CDS: on
MetaspaceReclaimPolicy: balanced
 - commit_granule_bytes: 65536.
 - commit_granule_words: 8192.
 - virtual_space_node_default_size: 8388608.
 - enlarge_chunks_in_place: 1.
 - new_chunks_are_fully_committed: 0.
 - uncommit_free_chunks: 1.
 - use_allocation_guard: 0.


Internal statistics:

num_allocs_failed_limit: 0.
num_arena_births: 142.
num_arena_deaths: 0.
num_vsnodes_births: 2.
num_vsnodes_deaths: 0.
num_space_committed: 118.
num_space_uncommitted: 0.
num_chunks_returned_to_freelist: 0.
num_chunks_taken_from_freelist: 156.
num_chunk_merges: 0.
num_chunk_splits: 106.
num_chunks_enlarged: 70.
num_inconsistent_stats: 0.

CodeHeap 'non-profiled nmethods': size=120000Kb used=328Kb max_used=328Kb free=119671Kb
 bounds [0x0000021dbb260000, 0x0000021dbb4d0000, 0x0000021dc2790000]
CodeHeap 'profiled nmethods': size=120000Kb used=1944Kb max_used=1944Kb free=118055Kb
 bounds [0x0000021db3790000, 0x0000021db3a00000, 0x0000021dbacc0000]
CodeHeap 'non-nmethods': size=5760Kb used=1366Kb max_used=1380Kb free=4393Kb
 bounds [0x0000021dbacc0000, 0x0000021dbaf30000, 0x0000021dbb260000]
 total_blobs=1842 nmethods=1230 adapters=523
 compilation: enabled
              stopped_count=0, restarted_count=0
 full_count=0

Compilation events (20 events):
Event: 5.245 Thread 0x0000021dc9f90710 nmethod 1222 0x0000021db3973410 code [0x0000021db39735c0, 0x0000021db3973888]
Event: 5.245 Thread 0x0000021dc9f90710 1221  s    3       java.beans.ChangeListenerMap::get (25 bytes)
Event: 5.245 Thread 0x0000021dc9f90710 nmethod 1221 0x0000021db3973a10 code [0x0000021db3973be0, 0x0000021db3973fc8]
Event: 60.075 Thread 0x0000021dc9f90710 1223       3       java.lang.Thread::isVirtual (5 bytes)
Event: 60.075 Thread 0x0000021dc9f90710 nmethod 1223 0x0000021db3974090 code [0x0000021db3974240, 0x0000021db3974458]
Event: 120.088 Thread 0x0000021dc9f90710 1224       3       java.util.concurrent.locks.AbstractQueuedSynchronizer$Node::getAndUnsetStatus (14 bytes)
Event: 120.088 Thread 0x0000021dc9f90710 nmethod 1224 0x0000021db3974510 code [0x0000021db39746c0, 0x0000021db39749c8]
Event: 2084.709 Thread 0x0000021dc9f90710 1225       3       java.lang.StringBuilder::append (8 bytes)
Event: 2084.709 Thread 0x0000021dc9f90710 nmethod 1225 0x0000021db3974b10 code [0x0000021db3974cc0, 0x0000021db3974e08]
Event: 2084.710 Thread 0x0000021dc9f90710 1226       3       java.lang.AbstractStringBuilder::append (55 bytes)
Event: 2084.710 Thread 0x0000021dc9f90710 nmethod 1226 0x0000021db3974e90 code [0x0000021db3975080, 0x0000021db39753b8]
Event: 2084.789 Thread 0x0000021dc9f90710 1227       1       sun.awt.Win32GraphicsDevice::getDefaultScaleX (5 bytes)
Event: 2084.789 Thread 0x0000021dc9f90710 nmethod 1227 0x0000021dbb2b1a90 code [0x0000021dbb2b1c20, 0x0000021dbb2b1cf8]
Event: 2084.789 Thread 0x0000021dc9f90710 1228       1       sun.awt.Win32GraphicsDevice::getDefaultScaleY (5 bytes)
Event: 2084.789 Thread 0x0000021dc9f90710 nmethod 1228 0x0000021dbb2b1d90 code [0x0000021dbb2b1f20, 0x0000021dbb2b1ff8]
Event: 2084.960 Thread 0x0000021dc9f90710 1229       3       java.awt.geom.AffineTransform::<init> (15 bytes)
Event: 2084.960 Thread 0x0000021dc9f90710 nmethod 1229 0x0000021db3975510 code [0x0000021db39756c0, 0x0000021db3975838]
Event: 2084.960 Thread 0x0000021dc9f90710 1230       3       java.beans.PropertyChangeEvent::<init> (22 bytes)
Event: 2084.968 Thread 0x0000021dc9f8efd0 1231       4       java.util.HashMap::get (19 bytes)
Event: 2084.968 Thread 0x0000021dc9f90710 nmethod 1230 0x0000021db3975910 code [0x0000021db3975ae0, 0x0000021db3975f28]

GC Heap History (0 events):
No events

Dll operation events (10 events):
Event: 0.010 Loaded shared library C:\Program Files\Java\jdk-19\bin\java.dll
Event: 0.019 Loaded shared library C:\Program Files\Java\jdk-19\bin\jsvml.dll
Event: 0.066 Loaded shared library C:\Program Files\Java\jdk-19\bin\verify.dll
Event: 0.080 Loaded shared library C:\Program Files\Java\jdk-19\bin\jimage.dll
Event: 0.086 Loaded shared library C:\Program Files\Java\jdk-19\bin\net.dll
Event: 0.088 Loaded shared library C:\Program Files\Java\jdk-19\bin\nio.dll
Event: 0.093 Loaded shared library C:\Program Files\Java\jdk-19\bin\zip.dll
Event: 0.108 Loaded shared library C:\Program Files\Java\jdk-19\bin\awt.dll
Event: 0.301 Loaded shared library C:\Program Files\Java\jdk-19\bin\freetype.dll
Event: 0.302 Loaded shared library C:\Program Files\Java\jdk-19\bin\fontmanager.dll

Deoptimization events (20 events):
Event: 0.463 Thread 0x0000021dce1ed200 DEOPT PACKING pc=0x0000021db37a6f67 sp=0x000000f70c7fd070
Event: 0.463 Thread 0x0000021dce1ed200 DEOPT UNPACKING pc=0x0000021dbad27543 sp=0x000000f70c7fc490 mode 0
Event: 0.534 Thread 0x0000021dce1ed200 DEOPT PACKING pc=0x0000021db37a62d1 sp=0x000000f70c7fca80
Event: 0.534 Thread 0x0000021dce1ed200 DEOPT UNPACKING pc=0x0000021dbad27543 sp=0x000000f70c7fbef8 mode 0
Event: 0.590 Thread 0x0000021dce1ed200 Uncommon trap: trap_request=0xffffff45 fr.pc=0x0000021dbb26d2c8 relative=0x00000000000000a8
Event: 0.590 Thread 0x0000021dce1ed200 Uncommon trap: reason=unstable_if action=reinterpret pc=0x0000021dbb26d2c8 method=java.lang.String.hashCode()I @ 20 c2
Event: 0.590 Thread 0x0000021dce1ed200 DEOPT PACKING pc=0x0000021dbb26d2c8 sp=0x000000f70c7fd2a0
Event: 0.590 Thread 0x0000021dce1ed200 DEOPT UNPACKING pc=0x0000021dbad26da3 sp=0x000000f70c7fd230 mode 2
Event: 0.612 Thread 0x0000021dce1ed200 Uncommon trap: trap_request=0xffffff45 fr.pc=0x0000021dbb29b698 relative=0x00000000000003d8
Event: 0.612 Thread 0x0000021dce1ed200 Uncommon trap: reason=unstable_if action=reinterpret pc=0x0000021dbb29b698 method=java.lang.Character.isSurrogate(C)Z @ 3 c2
Event: 0.612 Thread 0x0000021dce1ed200 DEOPT PACKING pc=0x0000021dbb29b698 sp=0x000000f70c7fcf70
Event: 0.612 Thread 0x0000021dce1ed200 DEOPT UNPACKING pc=0x0000021dbad26da3 sp=0x000000f70c7fce88 mode 2
Event: 0.661 Thread 0x0000021dce1ed200 Uncommon trap: trap_request=0xffffff45 fr.pc=0x0000021dbb2a17c8 relative=0x0000000000000128
Event: 0.661 Thread 0x0000021dce1ed200 Uncommon trap: reason=unstable_if action=reinterpret pc=0x0000021dbb2a17c8 method=java.lang.ThreadLocal$ThreadLocalMap.getEntry(Ljava/lang/ThreadLocal;)Ljava/lang/ThreadLocal$ThreadLocalMap$Entry; @ 21 c2
Event: 0.661 Thread 0x0000021dce1ed200 DEOPT PACKING pc=0x0000021dbb2a17c8 sp=0x000000f70c7fd750
Event: 0.661 Thread 0x0000021dce1ed200 DEOPT UNPACKING pc=0x0000021dbad26da3 sp=0x000000f70c7fd670 mode 2
Event: 0.661 Thread 0x0000021dce1ed200 Uncommon trap: trap_request=0xffffff45 fr.pc=0x0000021dbb29ec84 relative=0x00000000000000e4
Event: 0.661 Thread 0x0000021dce1ed200 Uncommon trap: reason=unstable_if action=reinterpret pc=0x0000021dbb29ec84 method=java.lang.ThreadLocal$ThreadLocalMap.getEntry(Ljava/lang/ThreadLocal;)Ljava/lang/ThreadLocal$ThreadLocalMap$Entry; @ 21 c2
Event: 0.661 Thread 0x0000021dce1ed200 DEOPT PACKING pc=0x0000021dbb29ec84 sp=0x000000f70c7fd580
Event: 0.661 Thread 0x0000021dce1ed200 DEOPT UNPACKING pc=0x0000021dbad26da3 sp=0x000000f70c7fd520 mode 2

Classes loaded (20 events):
Event: 1.705 Loading class java/awt/Toolkit$SelectiveAWTEventListener
Event: 1.705 Loading class java/awt/Toolkit$SelectiveAWTEventListener done
Event: 1.705 Loading class java/awt/Toolkit$ToolkitEventMulticaster
Event: 1.705 Loading class java/awt/Toolkit$ToolkitEventMulticaster done
Event: 1.705 Loading class java/awt/event/MouseWheelEvent
Event: 1.705 Loading class java/awt/event/MouseWheelEvent done
Event: 1.824 Loading class javax/swing/event/ChangeEvent
Event: 1.824 Loading class javax/swing/event/ChangeEvent done
Event: 3.968 Loading class java/awt/LightweightDispatcher$2
Event: 3.968 Loading class java/awt/LightweightDispatcher$2 done
Event: 5.232 Loading class java/awt/KeyboardFocusManager$2
Event: 5.232 Loading class java/awt/KeyboardFocusManager$2 done
Event: 5.232 Loading class sun/awt/SunToolkit$1
Event: 5.233 Loading class sun/awt/SunToolkit$1 done
Event: 2084.778 Loading class java/util/WeakHashMap$KeyIterator
Event: 2084.779 Loading class java/util/WeakHashMap$HashIterator
Event: 2084.780 Loading class java/util/WeakHashMap$HashIterator done
Event: 2084.780 Loading class java/util/WeakHashMap$KeyIterator done
Event: 2084.782 Loading class javax/swing/RepaintManager$DisplayChangedRunnable
Event: 2084.782 Loading class javax/swing/RepaintManager$DisplayChangedRunnable done

Classes unloaded (0 events):
No events

Classes redefined (0 events):
No events

Internal exceptions (14 events):
Event: 0.098 Thread 0x0000021dab827b70 Exception <a 'java/lang/ClassNotFoundException'{0x000000008a4eca00}: sun/awt/resources/spi/awtProvider> (0x000000008a4eca00) 
thrown [s\open\src\hotspot\share\classfile\systemDictionary.cpp, line 255]
Event: 0.120 Thread 0x0000021dab827b70 Exception <a 'java/io/FileNotFoundException'{0x000000008a345fa0}> (0x000000008a345fa0) 
thrown [s\open\src\hotspot\share\prims\jni.cpp, line 517]
Event: 0.127 Thread 0x0000021dab827b70 Exception <a 'java/io/FileNotFoundException'{0x000000008a3724b0}> (0x000000008a3724b0) 
thrown [s\open\src\hotspot\share\prims\jni.cpp, line 517]
Event: 0.164 Thread 0x0000021dab827b70 Exception <a 'java/lang/NoSuchMethodError'{0x000000008a3bc808}: 'java.lang.Object java.lang.invoke.DirectMethodHandle$Holder.invokeStaticInit(java.lang.Object)'> (0x000000008a3bc808) 
thrown [s\open\src\hotspot\share\interpreter\linkResolver.cpp, line 774]
Event: 0.207 Thread 0x0000021dab827b70 Exception <a 'java/lang/NoSuchMethodError'{0x000000008a29c140}: 'void java.lang.invoke.DirectMethodHandle$Holder.invokeSpecial(java.lang.Object, java.lang.Object, java.lang.Object)'> (0x000000008a29c140) 
thrown [s\open\src\hotspot\share\interpreter\linkResolver.cpp, line 774]
Event: 0.216 Thread 0x0000021dab827b70 Exception <a 'java/lang/NoSuchMethodError'{0x000000008a2c6c80}: 'java.lang.Object java.lang.invoke.DirectMethodHandle$Holder.newInvokeSpecial(java.lang.Object, java.lang.Object, java.lang.Object, java.lang.Object, java.lang.Object)'> (0x000000008a2c6c80) 
thrown [s\open\src\hotspot\share\interpreter\linkResolver.cpp, line 774]
Event: 0.223 Thread 0x0000021dab827b70 Exception <a 'java/lang/NoSuchMethodError'{0x000000008a10c3a0}: 'java.lang.Object java.lang.invoke.DirectMethodHandle$Holder.invokeStatic(java.lang.Object, int, java.lang.Object)'> (0x000000008a10c3a0) 
thrown [s\open\src\hotspot\share\interpreter\linkResolver.cpp, line 774]
Event: 0.255 Thread 0x0000021dab827b70 Exception <a 'java/lang/ClassNotFoundException'{0x000000008a1c7c68}: com/sun/swing/internal/plaf/metal/resources/spi/metalProvider> (0x000000008a1c7c68) 
thrown [s\open\src\hotspot\share\classfile\systemDictionary.cpp, line 255]
Event: 0.256 Thread 0x0000021dab827b70 Exception <a 'java/lang/ClassNotFoundException'{0x000000008a1cbbc8}: com/sun/swing/internal/plaf/basic/resources/spi/basicProvider> (0x000000008a1cbbc8) 
thrown [s\open\src\hotspot\share\classfile\systemDictionary.cpp, line 255]
Event: 0.264 Thread 0x0000021dab827b70 Exception <a 'java/lang/NoSuchMethodError'{0x000000008a1ec118}: 'int java.lang.invoke.Invokers$Holder.invokeExact_MT(java.lang.Object, java.lang.Object)'> (0x000000008a1ec118) 
thrown [s\open\src\hotspot\share\interpreter\linkResolver.cpp, line 774]
Event: 0.283 Thread 0x0000021dce1ef730 Exception <a 'java/lang/NoSuchMethodError'{0x000000008a210128}: 'void java.lang.invoke.DirectMethodHandle$Holder.invokeVirtual(java.lang.Object, java.lang.Object)'> (0x000000008a210128) 
thrown [s\open\src\hotspot\share\interpreter\linkResolver.cpp, line 774]
Event: 0.297 Thread 0x0000021dab827b70 Exception <a 'java/lang/NoSuchMethodError'{0x000000008a025a80}: 'void java.lang.invoke.DirectMethodHandle$Holder.invokeStaticInit(java.lang.Object)'> (0x000000008a025a80) 
thrown [s\open\src\hotspot\share\interpreter\linkResolver.cpp, line 774]
Event: 0.661 Thread 0x0000021dce1ed200 Implicit null exception at 0x0000021dbb2a170a to 0x0000021dbb2a17a8
Event: 0.661 Thread 0x0000021dce1ed200 Implicit null exception at 0x0000021dbb29ec00 to 0x0000021dbb29ec6c

VM Operations (18 events):
Event: 0.134 Executing VM operation: HandshakeAllThreads
Event: 0.134 Executing VM operation: HandshakeAllThreads done
Event: 0.254 Executing VM operation: HandshakeAllThreads
Event: 0.254 Executing VM operation: HandshakeAllThreads done
Event: 0.268 Executing VM operation: HandshakeAllThreads
Event: 0.268 Executing VM operation: HandshakeAllThreads done
Event: 0.650 Executing VM operation: HandshakeAllThreads
Event: 0.650 Executing VM operation: HandshakeAllThreads done
Event: 0.650 Executing VM operation: HandshakeAllThreads
Event: 0.650 Executing VM operation: HandshakeAllThreads done
Event: 0.720 Executing VM operation: HandshakeAllThreads
Event: 0.720 Executing VM operation: HandshakeAllThreads done
Event: 1.720 Executing VM operation: Cleanup
Event: 1.720 Executing VM operation: Cleanup done
Event: 3.723 Executing VM operation: Cleanup
Event: 3.723 Executing VM operation: Cleanup done
Event: 5.730 Executing VM operation: Cleanup
Event: 5.730 Executing VM operation: Cleanup done

Events (18 events):
Event: 0.020 Thread 0x0000021dab827b70 Thread added: 0x0000021dab827b70
Event: 0.034 Thread 0x0000021dc9f74b90 Thread added: 0x0000021dc9f74b90
Event: 0.034 Thread 0x0000021dc9f75c70 Thread added: 0x0000021dc9f75c70
Event: 0.035 Thread 0x0000021dc9f798e0 Thread added: 0x0000021dc9f798e0
Event: 0.035 Thread 0x0000021dc9f80740 Thread added: 0x0000021dc9f80740
Event: 0.035 Thread 0x0000021dc9f81830 Thread added: 0x0000021dc9f81830
Event: 0.035 Thread 0x0000021dc9f8a310 Thread added: 0x0000021dc9f8a310
Event: 0.035 Thread 0x0000021dc9f8efd0 Thread added: 0x0000021dc9f8efd0
Event: 0.035 Thread 0x0000021dc9f90710 Thread added: 0x0000021dc9f90710
Event: 0.035 Thread 0x0000021dc9f9c8b0 Thread added: 0x0000021dc9f9c8b0
Event: 0.056 Thread 0x0000021dce1ee1f0 Thread added: 0x0000021dce1ee1f0
Event: 0.061 Thread 0x0000021dce1eec90 Thread added: 0x0000021dce1eec90
Event: 0.165 Thread 0x0000021dce1ef1e0 Thread added: 0x0000021dce1ef1e0
Event: 0.166 Thread 0x0000021dce1ee740 Thread added: 0x0000021dce1ee740
Event: 0.167 Thread 0x0000021dce1ef730 Thread added: 0x0000021dce1ef730
Event: 0.282 Thread 0x0000021dce1ed200 Thread added: 0x0000021dce1ed200
Event: 0.361 Thread 0x0000021dab827b70 Thread exited: 0x0000021dab827b70
Event: 0.361 Thread 0x0000021dce1ed750 Thread added: 0x0000021dce1ed750


Dynamic libraries:
0x00007ff7865a0000 - 0x00007ff7865b0000 	C:\Program Files\Java\jdk-19\bin\javaw.exe
0x00007ff8028d0000 - 0x00007ff802ae4000 	C:\WINDOWS\SYSTEM32\ntdll.dll
0x00007ff801ec0000 - 0x00007ff801f82000 	C:\WINDOWS\System32\KERNEL32.DLL
0x00007fffffc40000 - 0x00007ffffffe3000 	C:\WINDOWS\System32\KERNELBASE.dll
0x00007ff800520000 - 0x00007ff800631000 	C:\WINDOWS\System32\ucrtbase.dll
0x00007ffffcca0000 - 0x00007ffffccb8000 	C:\Program Files\Java\jdk-19\bin\jli.dll
0x00007ffffad10000 - 0x00007ffffad2b000 	C:\Program Files\Java\jdk-19\bin\VCRUNTIME140.dll
0x00007ff800d50000 - 0x00007ff800dfe000 	C:\WINDOWS\System32\ADVAPI32.dll
0x00007ff802230000 - 0x00007ff8022d7000 	C:\WINDOWS\System32\msvcrt.dll
0x00007ff802590000 - 0x00007ff802634000 	C:\WINDOWS\System32\sechost.dll
0x00007ff800f70000 - 0x00007ff801087000 	C:\WINDOWS\System32\RPCRT4.dll
0x00007ff802070000 - 0x00007ff80221a000 	C:\WINDOWS\System32\USER32.dll
0x00007ff8002c0000 - 0x00007ff8002e6000 	C:\WINDOWS\System32\win32u.dll
0x00007fffe8b10000 - 0x00007fffe8d9e000 	C:\WINDOWS\WinSxS\amd64_microsoft.windows.common-controls_6595b64144ccf1df_6.0.22621.1635_none_270f70857386168e\COMCTL32.dll
0x00007ff800f40000 - 0x00007ff800f69000 	C:\WINDOWS\System32\GDI32.dll
0x00007ff8001a0000 - 0x00007ff8002b9000 	C:\WINDOWS\System32\gdi32full.dll
0x00007ff800100000 - 0x00007ff80019a000 	C:\WINDOWS\System32\msvcp_win.dll
0x00007ffff3d50000 - 0x00007ffff3d5a000 	C:\WINDOWS\SYSTEM32\VERSION.dll
0x00007ff802440000 - 0x00007ff802471000 	C:\WINDOWS\System32\IMM32.DLL
0x00007ffffcc90000 - 0x00007ffffcc9c000 	C:\Program Files\Java\jdk-19\bin\vcruntime140_1.dll
0x00007ffffac80000 - 0x00007ffffad0e000 	C:\Program Files\Java\jdk-19\bin\msvcp140.dll
0x00007fffb01a0000 - 0x00007fffb0e60000 	C:\Program Files\Java\jdk-19\bin\server\jvm.dll
0x00007ffffadc0000 - 0x00007ffffadc9000 	C:\WINDOWS\SYSTEM32\WSOCK32.dll
0x00007ffff7210000 - 0x00007ffff7244000 	C:\WINDOWS\SYSTEM32\WINMM.dll
0x00007ff800e70000 - 0x00007ff800ee1000 	C:\WINDOWS\System32\WS2_32.dll
0x00007ffffedb0000 - 0x00007ffffedc8000 	C:\WINDOWS\SYSTEM32\kernel.appcore.dll
0x00007ffffac70000 - 0x00007ffffac7a000 	C:\Program Files\Java\jdk-19\bin\jimage.dll
0x00007ffffd640000 - 0x00007ffffd86e000 	C:\WINDOWS\SYSTEM32\DBGHELP.DLL
0x00007ff8019d0000 - 0x00007ff801d59000 	C:\WINDOWS\System32\combase.dll
0x00007ff801f90000 - 0x00007ff802067000 	C:\WINDOWS\System32\OLEAUT32.dll
0x00007fffee070000 - 0x00007fffee0a2000 	C:\WINDOWS\SYSTEM32\dbgcore.DLL
0x00007ff800080000 - 0x00007ff8000fa000 	C:\WINDOWS\System32\bcryptPrimitives.dll
0x00007ffff9dc0000 - 0x00007ffff9de6000 	C:\Program Files\Java\jdk-19\bin\java.dll
0x00007fffcf650000 - 0x00007fffcf727000 	C:\Program Files\Java\jdk-19\bin\jsvml.dll
0x00007ff8011d0000 - 0x00007ff8019c9000 	C:\WINDOWS\System32\SHELL32.dll
0x00007ffffdc70000 - 0x00007ffffe53e000 	C:\WINDOWS\SYSTEM32\windows.storage.dll
0x00007ffffdb30000 - 0x00007ffffdc6e000 	C:\WINDOWS\SYSTEM32\wintypes.dll
0x00007ff8022e0000 - 0x00007ff8023d1000 	C:\WINDOWS\System32\SHCORE.dll
0x00007ff8023e0000 - 0x00007ff80243e000 	C:\WINDOWS\System32\shlwapi.dll
0x00007fffffbe0000 - 0x00007fffffc06000 	C:\WINDOWS\SYSTEM32\profapi.dll
0x00007fffee140000 - 0x00007fffee150000 	C:\Program Files\Java\jdk-19\bin\verify.dll
0x00007ffffac50000 - 0x00007ffffac63000 	C:\Program Files\Java\jdk-19\bin\net.dll
0x00007ffff8490000 - 0x00007ffff85c7000 	C:\WINDOWS\SYSTEM32\WINHTTP.dll
0x00007fffff230000 - 0x00007fffff299000 	C:\WINDOWS\system32\mswsock.dll
0x00007fffebaa0000 - 0x00007fffebab6000 	C:\Program Files\Java\jdk-19\bin\nio.dll
0x00007fffe5e80000 - 0x00007fffe5e98000 	C:\Program Files\Java\jdk-19\bin\zip.dll
0x00007fffc26f0000 - 0x00007fffc2881000 	C:\Program Files\Java\jdk-19\bin\awt.dll
0x00007ffffcd30000 - 0x00007ffffcdc7000 	C:\WINDOWS\SYSTEM32\apphelp.dll
0x00007ffffd100000 - 0x00007ffffd12b000 	C:\WINDOWS\system32\DWMAPI.DLL
0x00007ffffcec0000 - 0x00007ffffcf6b000 	C:\WINDOWS\system32\uxtheme.dll
0x00007fffc3590000 - 0x00007fffc3690000 	C:\WINDOWS\system32\opengl32.dll
0x00007fffc3520000 - 0x00007fffc354d000 	C:\WINDOWS\SYSTEM32\GLU32.dll
0x00007ffffcfa0000 - 0x00007ffffcfd8000 	C:\WINDOWS\SYSTEM32\dxcore.dll
0x00007ff801d80000 - 0x00007ff801ea7000 	C:\WINDOWS\System32\MSCTF.dll
0x00007ff800bb0000 - 0x00007ff800d4c000 	C:\WINDOWS\System32\ole32.dll
0x00007fffc5160000 - 0x00007fffc51e6000 	C:\Program Files\Java\jdk-19\bin\freetype.dll
0x00007fffc2620000 - 0x00007fffc26e6000 	C:\Program Files\Java\jdk-19\bin\fontmanager.dll
0x00007fffe7370000 - 0x00007fffe749d000 	C:\WINDOWS\SYSTEM32\textinputframework.dll
0x00007ffffc4c0000 - 0x00007ffffc5f3000 	C:\WINDOWS\SYSTEM32\CoreMessaging.dll
0x00007ffff89c0000 - 0x00007ffff8d2c000 	C:\WINDOWS\SYSTEM32\CoreUIComponents.dll
0x00007fffff4f0000 - 0x00007fffff4fc000 	C:\WINDOWS\SYSTEM32\CRYPTBASE.DLL
0x00007ff8010a0000 - 0x00007ff801150000 	C:\WINDOWS\System32\clbcatq.dll
0x00007fffdec50000 - 0x00007fffdec7b000 	C:\Windows\System32\Speech\SpeechUX\SpTip.dll

dbghelp: loaded successfully - version: 4.0.5 - missing functions: none
symbol engine: initialized successfully - sym options: 0x614 - pdb path: .;C:\Program Files\Java\jdk-19\bin;C:\WINDOWS\SYSTEM32;C:\WINDOWS\WinSxS\amd64_microsoft.windows.common-controls_6595b64144ccf1df_6.0.22621.1635_none_270f70857386168e;C:\Program Files\Java\jdk-19\bin\server;C:\Windows\System32\Speech\SpeechUX

VM Arguments:
jvm_args: -Dfile.encoding=UTF-8 -XX:+ShowCodeDetailsInExceptionMessages 
java_command: banking.SignupThree
java_class_path (initial): P:\C_Work\6th Sem\Banking Management System\bin;C:\Users\BAISAMPAYAN\Downloads\mysql-connector-j-8.0.33\mysql-connector-j-8.0.33\mysql-connector-j-8.0.33.jar;C:\Users\BAISAMPAYAN\Downloads\mysql-connector-j-8.0.33\jcalendar-tz-1.3.3-4.jar
Launcher Type: SUN_STANDARD

[Global flags]
     intx CICompilerCount                          = 4                                         {product} {ergonomic}
     uint ConcGCThreads                            = 2                                         {product} {ergonomic}
     uint G1ConcRefinementThreads                  = 8                                         {product} {ergonomic}
   size_t G1HeapRegionSize                         = 1048576                                   {product} {ergonomic}
    uintx GCDrainStackTargetSize                   = 64                                        {product} {ergonomic}
   size_t InitialHeapSize                          = 132120576                                 {product} {ergonomic}
   size_t MarkStackSize                            = 4194304                                   {product} {ergonomic}
   size_t MaxHeapSize                              = 2105540608                                {product} {ergonomic}
   size_t MaxNewSize                               = 1262485504                                {product} {ergonomic}
   size_t MinHeapDeltaBytes                        = 1048576                                   {product} {ergonomic}
   size_t MinHeapSize                              = 8388608                                   {product} {ergonomic}
    uintx NonNMethodCodeHeapSize                   = 5839372                                {pd product} {ergonomic}
    uintx NonProfiledCodeHeapSize                  = 122909434                              {pd product} {ergonomic}
    uintx ProfiledCodeHeapSize                     = 122909434                              {pd product} {ergonomic}
    uintx ReservedCodeCacheSize                    = 251658240                              {pd product} {ergonomic}
     bool SegmentedCodeCache                       = true                                      {product} {ergonomic}
     bool ShowCodeDetailsInExceptionMessages       = true                                   {manageable} {command line}
   size_t SoftMaxHeapSize                          = 2105540608                             {manageable} {ergonomic}
     bool UseCompressedClassPointers               = true                           {product lp64_product} {ergonomic}
     bool UseCompressedOops                        = true                           {product lp64_product} {ergonomic}
     bool UseG1GC                                  = true                                      {product} {ergonomic}
     bool UseLargePagesIndividualAllocation        = false                                  {pd product} {ergonomic}

Logging:
Log output configuration:
 #0: stdout all=warning uptime,level,tags foldmultilines=false
 #1: stderr all=off uptime,level,tags foldmultilines=false

Environment Variables:
PATH=C:\Program Files (x86)\VMware\VMware Player\bin\;C:\Program Files\Common Files\Oracle\Java\javapath;C:\Windows\system32;C:\Windows;C:\Windows\System32\Wbem;C:\Windows\System32\WindowsPowerShell\v1.0\;C:\Windows\System32\OpenSSH\;C:\Program Files (x86)\NVIDIA Corporation\PhysX\Common;C:\Program Files\NVIDIA Corporation\NVIDIA NvDLISR;C:\msys64\mingw64\bin;C:\WINDOWS\system32;C:\WINDOWS;C:\WINDOWS\System32\Wbem;C:\WINDOWS\System32\WindowsPowerShell\v1.0\;C:\WINDOWS\System32\OpenSSH\;C:\Program Files\dotnet\;C:\Program Files\Java\jdk-19\bin;C:\Program Files\MySQL\MySQL Shell 8.0\bin\;C:\Users\BAISAMPAYAN\AppData\Local\Programs\Python\Python310\Scripts\;C:\Users\BAISAMPAYAN\AppData\Local\Programs\Python\Python310\;C:\Users\BAISAMPAYAN\AppData\Local\Programs\Python\Launcher\;C:\Users\BAISAMPAYAN\AppData\Local\Microsoft\WindowsApps;C:\Users\BAISAMPAYAN\AppData\Local\Programs\Microsoft VS Code\bin;C:\Program Files\JetBrains\PyCharm Community Edition 2022.1.3\bin;;C:\Program Files\JetBrains\IntelliJ IDEA Community Edition 2022.1.4\bin;;
USERNAME=BAISAMPAYAN
OS=Windows_NT
PROCESSOR_IDENTIFIER=Intel64 Family 6 Model 165 Stepping 2, GenuineIntel
TMP=C:\Users\BAISAM~1\AppData\Local\Temp
TEMP=C:\Users\BAISAM~1\AppData\Local\Temp



---------------  S Y S T E M  ---------------

OS:
 Windows 11 , 64 bit Build 22621 (10.0.22621.1928)
OS uptime: 0 days 1:40 hours
Hyper-V role detected

CPU: total 8 (initial active 8) (4 cores per cpu, 2 threads per core) family 6 model 165 stepping 2 microcode 0xe0, cx8, cmov, fxsr, ht, mmx, 3dnowpref, sse, sse2, sse3, ssse3, sse4.1, sse4.2, popcnt, lzcnt, tsc, tscinvbit, avx, avx2, aes, erms, clmul, bmi1, bmi2, adx, fma, vzeroupper, clflush, clflushopt, hv, rdtscp

Memory: 4k page, system-wide physical 8029M (459M free)
TotalPageFile size 32605M (AvailPageFile size 0M)
current process WorkingSet (physical memory assigned to process): 67M, peak: 73M
current process commit charge ("private bytes"): 223M, peak: 224M

vm_info: Java HotSpot(TM) 64-Bit Server VM (19.0.2+7-44) for windows-amd64 JRE (19.0.2+7-44), built on 2022-11-30T18:02:09Z by "mach5one" with MS VC++ 17.1 (VS2022)

END.
